[0.155s] Invoking command in '/home/atas/RESEARCH/traversablity_estimation_net/build/traversablity_estimation_net': CMAKE_PREFIX_PATH=/home/atas/ros2_ws/install/vox_nav_waypoint_nav_clients:/home/atas/ros2_ws/install/thorvald_vox_nav:/home/atas/ros2_ws/install/robotnik_vox_nav:/home/atas/ros2_ws/install/vox_nav_bringup:/home/atas/ros2_ws/install/vox_nav_planning:/home/atas/ros2_ws/install/vox_nav_navigators:/home/atas/ros2_ws/install/vox_nav_misc:/home/atas/ros2_ws/install/vox_nav_map_server:/home/atas/ros2_ws/install/vox_nav_control:/home/atas/ros2_ws/install/thorvald_gui:/home/atas/ros2_ws/install/vox_nav_utilities:/home/atas/ros2_ws/install/robot_centric_slam:/home/atas/ros2_ws/install/vox_nav_slam_msgs:/home/atas/ros2_ws/install/lidar_apollo_instance_segmentation:/home/atas/ros2_ws/install/vox_nav_msgs:/home/atas/ros2_ws/install/vdb_mapping_ros2:/home/atas/ros2_ws/install/vdb_mapping_interfaces:/home/atas/ros2_ws/install/vdb_mapping:/home/atas/ros2_ws/install/thorvald_simulator:/home/atas/ros2_ws/install/thorvald_gazebo_plugins:/home/atas/ros2_ws/install/thorvald_example_robots:/home/atas/ros2_ws/install/thorvald:/home/atas/ros2_ws/install/thorvald_bringup:/home/atas/ros2_ws/install/thorvald_base:/home/atas/ros2_ws/install/thorvald_utilities:/home/atas/ros2_ws/install/thorvald_teleop:/home/atas/ros2_ws/install/thorvald_navigation2:/home/atas/ros2_ws/install/thorvald_msgs:/home/atas/ros2_ws/install/thorvald_description:/home/atas/ros2_ws/install/thorvald_can_devices:/home/atas/ros2_ws/install/tensorrt_common:/home/atas/ros2_ws/install/nmea_navsat_driver:/home/atas/ros2_ws/install/imrt_virtual_joy:/home/atas/ros2_ws/install/imrt_teleop:/opt/ros/humble:/home/atas/ros2_ws/install/serial:/home/atas/ros2_ws/install/sensor_drivers_bringup:/home/atas/ros2_ws/install/imu_tools:/home/atas/ros2_ws/install/rviz_imu_plugin:/home/atas/ros2_ws/install/robot_localization:/home/atas/ros2_ws/install/realsense_ros2_camera:/home/atas/ros2_ws/install/realsense_camera_msgs:/home/atas/ros2_ws/install/ouster_ros:/home/atas/ros2_ws/install/ouster_msgs:/home/atas/ros2_ws/install/ompl:/home/atas/ros2_ws/install/lio_sam:/home/atas/ros2_ws/install/kiss_icp:/home/atas/ros2_ws/install/imu_filter_madgwick:/home/atas/ros2_ws/install/imu_complementary_filter:/home/atas/ros2_ws/install/fast_gicp:/home/atas/ros2_ws/install/cuda_utils:/home/atas/ros2_ws/install/casadi:/home/atas/ros2_ws/install/bluespace_ai_xsens_mti_driver:/home/atas/ros2_ws/install/ACADO /usr/local/bin/cmake --build /home/atas/RESEARCH/traversablity_estimation_net/build/traversablity_estimation_net -- -j8 -l8
[0.227s] -- Found ament_cmake: 1.3.5 (/opt/ros/humble/share/ament_cmake/cmake)
[0.388s] -- Found rclcpp: 16.0.6 (/opt/ros/humble/share/rclcpp/cmake)
[0.448s] -- Found rosidl_generator_c: 3.1.5 (/opt/ros/humble/share/rosidl_generator_c/cmake)
[0.453s] -- Found rosidl_adapter: 3.1.5 (/opt/ros/humble/share/rosidl_adapter/cmake)
[0.464s] -- Found rosidl_generator_cpp: 3.1.5 (/opt/ros/humble/share/rosidl_generator_cpp/cmake)
[0.490s] -- Using all available rosidl_typesupport_c: rosidl_typesupport_fastrtps_c;rosidl_typesupport_introspection_c
[0.526s] -- Using all available rosidl_typesupport_cpp: rosidl_typesupport_fastrtps_cpp;rosidl_typesupport_introspection_cpp
[0.637s] -- Found rmw_implementation_cmake: 6.1.1 (/opt/ros/humble/share/rmw_implementation_cmake/cmake)
[0.642s] -- Found rmw_cyclonedds_cpp: 1.3.4 (/opt/ros/humble/share/rmw_cyclonedds_cpp/cmake)
[0.702s] -- Using RMW implementation 'rmw_cyclonedds_cpp' as default
[1.017s] -- Found geometry_msgs: 4.2.3 (/opt/ros/humble/share/geometry_msgs/cmake)
[1.092s] -- Found sensor_msgs: 4.2.3 (/opt/ros/humble/share/sensor_msgs/cmake)
[1.225s] -- Found vision_msgs: 4.1.0 (/opt/ros/humble/share/vision_msgs/cmake)
[1.337s] -- Found tf2: 0.25.4 (/opt/ros/humble/share/tf2/cmake)
[1.356s] -- Found tf2_ros: 0.25.4 (/opt/ros/humble/share/tf2_ros/cmake)
[1.906s] -- Found tf2_geometry_msgs: 0.25.4 (/opt/ros/humble/share/tf2_geometry_msgs/cmake)
[1.912s] -- Found eigen3_cmake_module: 0.1.1 (/opt/ros/humble/share/eigen3_cmake_module/cmake)
[1.914s] -- Ensuring Eigen3 include directory is part of orocos-kdl CMake target
[1.924s] -- Found tf2_eigen: 0.25.4 (/opt/ros/humble/share/tf2_eigen/cmake)
[1.930s] -- Found pcl_ros: 2.4.0 (/opt/ros/humble/share/pcl_ros/cmake)
[2.396s] -- Eigen found (include: /usr/include/eigen3, version: 3.4.0)
[2.460s] -- FLANN found (include: /usr/include, lib: /usr/lib/x86_64-linux-gnu/libflann_cpp.so)
[3.084s] -- OpenNI found (version: 1.5.4.0, include: /usr/include/ni, lib: /usr/lib/libOpenNI.so;libusb::libusb)
[3.095s] -- OpenNI2 found (version: 2.2.0.33, include: /usr/include/openni2, lib: /usr/lib/x86_64-linux-gnu/libOpenNI2.so;libusb::libusb)
[3.460s] -- Eigen found (include: /usr/include/eigen3, version: 3.4.0)
[3.472s] -- OpenNI found (version: 1.5.4.0, include: /usr/include/ni, lib: /usr/lib/libOpenNI.so;libusb::libusb)
[3.484s] -- OpenNI2 found (version: 2.2.0.33, include: /usr/include/openni2, lib: /usr/lib/x86_64-linux-gnu/libOpenNI2.so;libusb::libusb)
[3.848s] -- Found Qhull version 8.0.2
[4.260s] -- OpenNI found (version: 1.5.4.0, include: /usr/include/ni, lib: /usr/lib/libOpenNI.so;libusb::libusb)
[4.689s] -- Found visualization_msgs: 4.2.3 (/opt/ros/humble/share/visualization_msgs/cmake)
[5.021s] -- Configuring done (4.8s)
[5.097s] -- Generating done (0.1s)
[5.103s] -- Build files have been written to: /home/atas/RESEARCH/traversablity_estimation_net/build/traversablity_estimation_net
[5.189s] [100%] Built target traversablity_smoother_node
[5.202s] Invoked command in '/home/atas/RESEARCH/traversablity_estimation_net/build/traversablity_estimation_net' returned '0': CMAKE_PREFIX_PATH=/home/atas/ros2_ws/install/vox_nav_waypoint_nav_clients:/home/atas/ros2_ws/install/thorvald_vox_nav:/home/atas/ros2_ws/install/robotnik_vox_nav:/home/atas/ros2_ws/install/vox_nav_bringup:/home/atas/ros2_ws/install/vox_nav_planning:/home/atas/ros2_ws/install/vox_nav_navigators:/home/atas/ros2_ws/install/vox_nav_misc:/home/atas/ros2_ws/install/vox_nav_map_server:/home/atas/ros2_ws/install/vox_nav_control:/home/atas/ros2_ws/install/thorvald_gui:/home/atas/ros2_ws/install/vox_nav_utilities:/home/atas/ros2_ws/install/robot_centric_slam:/home/atas/ros2_ws/install/vox_nav_slam_msgs:/home/atas/ros2_ws/install/lidar_apollo_instance_segmentation:/home/atas/ros2_ws/install/vox_nav_msgs:/home/atas/ros2_ws/install/vdb_mapping_ros2:/home/atas/ros2_ws/install/vdb_mapping_interfaces:/home/atas/ros2_ws/install/vdb_mapping:/home/atas/ros2_ws/install/thorvald_simulator:/home/atas/ros2_ws/install/thorvald_gazebo_plugins:/home/atas/ros2_ws/install/thorvald_example_robots:/home/atas/ros2_ws/install/thorvald:/home/atas/ros2_ws/install/thorvald_bringup:/home/atas/ros2_ws/install/thorvald_base:/home/atas/ros2_ws/install/thorvald_utilities:/home/atas/ros2_ws/install/thorvald_teleop:/home/atas/ros2_ws/install/thorvald_navigation2:/home/atas/ros2_ws/install/thorvald_msgs:/home/atas/ros2_ws/install/thorvald_description:/home/atas/ros2_ws/install/thorvald_can_devices:/home/atas/ros2_ws/install/tensorrt_common:/home/atas/ros2_ws/install/nmea_navsat_driver:/home/atas/ros2_ws/install/imrt_virtual_joy:/home/atas/ros2_ws/install/imrt_teleop:/opt/ros/humble:/home/atas/ros2_ws/install/serial:/home/atas/ros2_ws/install/sensor_drivers_bringup:/home/atas/ros2_ws/install/imu_tools:/home/atas/ros2_ws/install/rviz_imu_plugin:/home/atas/ros2_ws/install/robot_localization:/home/atas/ros2_ws/install/realsense_ros2_camera:/home/atas/ros2_ws/install/realsense_camera_msgs:/home/atas/ros2_ws/install/ouster_ros:/home/atas/ros2_ws/install/ouster_msgs:/home/atas/ros2_ws/install/ompl:/home/atas/ros2_ws/install/lio_sam:/home/atas/ros2_ws/install/kiss_icp:/home/atas/ros2_ws/install/imu_filter_madgwick:/home/atas/ros2_ws/install/imu_complementary_filter:/home/atas/ros2_ws/install/fast_gicp:/home/atas/ros2_ws/install/cuda_utils:/home/atas/ros2_ws/install/casadi:/home/atas/ros2_ws/install/bluespace_ai_xsens_mti_driver:/home/atas/ros2_ws/install/ACADO /usr/local/bin/cmake --build /home/atas/RESEARCH/traversablity_estimation_net/build/traversablity_estimation_net -- -j8 -l8
[5.344s] Invoking command in '/home/atas/RESEARCH/traversablity_estimation_net/build/traversablity_estimation_net': CMAKE_PREFIX_PATH=/home/atas/ros2_ws/install/vox_nav_waypoint_nav_clients:/home/atas/ros2_ws/install/thorvald_vox_nav:/home/atas/ros2_ws/install/robotnik_vox_nav:/home/atas/ros2_ws/install/vox_nav_bringup:/home/atas/ros2_ws/install/vox_nav_planning:/home/atas/ros2_ws/install/vox_nav_navigators:/home/atas/ros2_ws/install/vox_nav_misc:/home/atas/ros2_ws/install/vox_nav_map_server:/home/atas/ros2_ws/install/vox_nav_control:/home/atas/ros2_ws/install/thorvald_gui:/home/atas/ros2_ws/install/vox_nav_utilities:/home/atas/ros2_ws/install/robot_centric_slam:/home/atas/ros2_ws/install/vox_nav_slam_msgs:/home/atas/ros2_ws/install/lidar_apollo_instance_segmentation:/home/atas/ros2_ws/install/vox_nav_msgs:/home/atas/ros2_ws/install/vdb_mapping_ros2:/home/atas/ros2_ws/install/vdb_mapping_interfaces:/home/atas/ros2_ws/install/vdb_mapping:/home/atas/ros2_ws/install/thorvald_simulator:/home/atas/ros2_ws/install/thorvald_gazebo_plugins:/home/atas/ros2_ws/install/thorvald_example_robots:/home/atas/ros2_ws/install/thorvald:/home/atas/ros2_ws/install/thorvald_bringup:/home/atas/ros2_ws/install/thorvald_base:/home/atas/ros2_ws/install/thorvald_utilities:/home/atas/ros2_ws/install/thorvald_teleop:/home/atas/ros2_ws/install/thorvald_navigation2:/home/atas/ros2_ws/install/thorvald_msgs:/home/atas/ros2_ws/install/thorvald_description:/home/atas/ros2_ws/install/thorvald_can_devices:/home/atas/ros2_ws/install/tensorrt_common:/home/atas/ros2_ws/install/nmea_navsat_driver:/home/atas/ros2_ws/install/imrt_virtual_joy:/home/atas/ros2_ws/install/imrt_teleop:/opt/ros/humble:/home/atas/ros2_ws/install/serial:/home/atas/ros2_ws/install/sensor_drivers_bringup:/home/atas/ros2_ws/install/imu_tools:/home/atas/ros2_ws/install/rviz_imu_plugin:/home/atas/ros2_ws/install/robot_localization:/home/atas/ros2_ws/install/realsense_ros2_camera:/home/atas/ros2_ws/install/realsense_camera_msgs:/home/atas/ros2_ws/install/ouster_ros:/home/atas/ros2_ws/install/ouster_msgs:/home/atas/ros2_ws/install/ompl:/home/atas/ros2_ws/install/lio_sam:/home/atas/ros2_ws/install/kiss_icp:/home/atas/ros2_ws/install/imu_filter_madgwick:/home/atas/ros2_ws/install/imu_complementary_filter:/home/atas/ros2_ws/install/fast_gicp:/home/atas/ros2_ws/install/cuda_utils:/home/atas/ros2_ws/install/casadi:/home/atas/ros2_ws/install/bluespace_ai_xsens_mti_driver:/home/atas/ros2_ws/install/ACADO /usr/local/bin/cmake --install /home/atas/RESEARCH/traversablity_estimation_net/build/traversablity_estimation_net
[5.390s] -- Install configuration: ""
[5.390s] -- Up-to-date: /home/atas/RESEARCH/traversablity_estimation_net/install/traversablity_estimation_net/lib/traversablity_estimation_net/traversablity_smoother_node
[5.390s] -- Installing: /home/atas/RESEARCH/traversablity_estimation_net/install/traversablity_estimation_net/share/traversablity_estimation_net/launch
[5.391s] -- Installing: /home/atas/RESEARCH/traversablity_estimation_net/install/traversablity_estimation_net/share/traversablity_estimation_net/launch/lidar_rgb_image_fuser.launch.py
[5.391s] -- Installing: /home/atas/RESEARCH/traversablity_estimation_net/install/traversablity_estimation_net/share/ament_index/resource_index/package_run_dependencies/traversablity_estimation_net
[5.391s] -- Installing: /home/atas/RESEARCH/traversablity_estimation_net/install/traversablity_estimation_net/share/ament_index/resource_index/parent_prefix_path/traversablity_estimation_net
[5.391s] -- Installing: /home/atas/RESEARCH/traversablity_estimation_net/install/traversablity_estimation_net/share/traversablity_estimation_net/environment/ament_prefix_path.sh
[5.392s] -- Installing: /home/atas/RESEARCH/traversablity_estimation_net/install/traversablity_estimation_net/share/traversablity_estimation_net/environment/ament_prefix_path.dsv
[5.392s] -- Installing: /home/atas/RESEARCH/traversablity_estimation_net/install/traversablity_estimation_net/share/traversablity_estimation_net/environment/path.sh
[5.392s] -- Installing: /home/atas/RESEARCH/traversablity_estimation_net/install/traversablity_estimation_net/share/traversablity_estimation_net/environment/path.dsv
[5.392s] -- Installing: /home/atas/RESEARCH/traversablity_estimation_net/install/traversablity_estimation_net/share/traversablity_estimation_net/local_setup.bash
[5.392s] -- Installing: /home/atas/RESEARCH/traversablity_estimation_net/install/traversablity_estimation_net/share/traversablity_estimation_net/local_setup.sh
[5.392s] -- Installing: /home/atas/RESEARCH/traversablity_estimation_net/install/traversablity_estimation_net/share/traversablity_estimation_net/local_setup.zsh
[5.392s] -- Installing: /home/atas/RESEARCH/traversablity_estimation_net/install/traversablity_estimation_net/share/traversablity_estimation_net/local_setup.dsv
[5.393s] -- Installing: /home/atas/RESEARCH/traversablity_estimation_net/install/traversablity_estimation_net/share/traversablity_estimation_net/package.dsv
[5.393s] -- Installing: /home/atas/RESEARCH/traversablity_estimation_net/install/traversablity_estimation_net/share/ament_index/resource_index/packages/traversablity_estimation_net
[5.393s] -- Installing: /home/atas/RESEARCH/traversablity_estimation_net/install/traversablity_estimation_net/share/traversablity_estimation_net/cmake/ament_cmake_export_dependencies-extras.cmake
[5.393s] -- Installing: /home/atas/RESEARCH/traversablity_estimation_net/install/traversablity_estimation_net/share/traversablity_estimation_net/cmake/traversablity_estimation_netConfig.cmake
[5.393s] -- Installing: /home/atas/RESEARCH/traversablity_estimation_net/install/traversablity_estimation_net/share/traversablity_estimation_net/cmake/traversablity_estimation_netConfig-version.cmake
[5.393s] -- Installing: /home/atas/RESEARCH/traversablity_estimation_net/install/traversablity_estimation_net/share/traversablity_estimation_net/package.xml
[5.401s] Invoked command in '/home/atas/RESEARCH/traversablity_estimation_net/build/traversablity_estimation_net' returned '0': CMAKE_PREFIX_PATH=/home/atas/ros2_ws/install/vox_nav_waypoint_nav_clients:/home/atas/ros2_ws/install/thorvald_vox_nav:/home/atas/ros2_ws/install/robotnik_vox_nav:/home/atas/ros2_ws/install/vox_nav_bringup:/home/atas/ros2_ws/install/vox_nav_planning:/home/atas/ros2_ws/install/vox_nav_navigators:/home/atas/ros2_ws/install/vox_nav_misc:/home/atas/ros2_ws/install/vox_nav_map_server:/home/atas/ros2_ws/install/vox_nav_control:/home/atas/ros2_ws/install/thorvald_gui:/home/atas/ros2_ws/install/vox_nav_utilities:/home/atas/ros2_ws/install/robot_centric_slam:/home/atas/ros2_ws/install/vox_nav_slam_msgs:/home/atas/ros2_ws/install/lidar_apollo_instance_segmentation:/home/atas/ros2_ws/install/vox_nav_msgs:/home/atas/ros2_ws/install/vdb_mapping_ros2:/home/atas/ros2_ws/install/vdb_mapping_interfaces:/home/atas/ros2_ws/install/vdb_mapping:/home/atas/ros2_ws/install/thorvald_simulator:/home/atas/ros2_ws/install/thorvald_gazebo_plugins:/home/atas/ros2_ws/install/thorvald_example_robots:/home/atas/ros2_ws/install/thorvald:/home/atas/ros2_ws/install/thorvald_bringup:/home/atas/ros2_ws/install/thorvald_base:/home/atas/ros2_ws/install/thorvald_utilities:/home/atas/ros2_ws/install/thorvald_teleop:/home/atas/ros2_ws/install/thorvald_navigation2:/home/atas/ros2_ws/install/thorvald_msgs:/home/atas/ros2_ws/install/thorvald_description:/home/atas/ros2_ws/install/thorvald_can_devices:/home/atas/ros2_ws/install/tensorrt_common:/home/atas/ros2_ws/install/nmea_navsat_driver:/home/atas/ros2_ws/install/imrt_virtual_joy:/home/atas/ros2_ws/install/imrt_teleop:/opt/ros/humble:/home/atas/ros2_ws/install/serial:/home/atas/ros2_ws/install/sensor_drivers_bringup:/home/atas/ros2_ws/install/imu_tools:/home/atas/ros2_ws/install/rviz_imu_plugin:/home/atas/ros2_ws/install/robot_localization:/home/atas/ros2_ws/install/realsense_ros2_camera:/home/atas/ros2_ws/install/realsense_camera_msgs:/home/atas/ros2_ws/install/ouster_ros:/home/atas/ros2_ws/install/ouster_msgs:/home/atas/ros2_ws/install/ompl:/home/atas/ros2_ws/install/lio_sam:/home/atas/ros2_ws/install/kiss_icp:/home/atas/ros2_ws/install/imu_filter_madgwick:/home/atas/ros2_ws/install/imu_complementary_filter:/home/atas/ros2_ws/install/fast_gicp:/home/atas/ros2_ws/install/cuda_utils:/home/atas/ros2_ws/install/casadi:/home/atas/ros2_ws/install/bluespace_ai_xsens_mti_driver:/home/atas/ros2_ws/install/ACADO /usr/local/bin/cmake --install /home/atas/RESEARCH/traversablity_estimation_net/build/traversablity_estimation_net
