[4.097s] [34mcolcon[0m [1;30mDEBUG[0m [32mCommand line arguments: ['/usr/bin/colcon', 'build', '--symlink-install', '--cmake-args', '-DCMAKE_BUILD_TYPE=Release'][0m
[4.098s] [34mcolcon[0m [1;30mDEBUG[0m [32mParsed command line arguments: Namespace(log_base=None, log_level=None, verb_name='build', build_base='build', install_base='install', merge_install=False, symlink_install=True, test_result_base=None, continue_on_error=False, executor='parallel', parallel_workers=8, event_handlers=None, ignore_user_meta=False, metas=['./colcon.meta'], base_paths=['.'], packages_ignore=None, packages_ignore_regex=None, paths=None, packages_up_to=None, packages_up_to_regex=None, packages_above=None, packages_above_and_dependencies=None, packages_above_depth=None, packages_select_by_dep=None, packages_skip_by_dep=None, packages_skip_up_to=None, packages_select_build_failed=False, packages_skip_build_finished=False, packages_select_test_failures=False, packages_skip_test_passed=False, packages_select=None, packages_skip=None, packages_select_regex=None, packages_skip_regex=None, packages_start=None, packages_end=None, allow_overriding=[], cmake_args=['-DCMAKE_BUILD_TYPE=Release'], cmake_target=None, cmake_target_skip_unavailable=False, cmake_clean_cache=False, cmake_clean_first=False, cmake_force_configure=False, ament_cmake_args=None, catkin_cmake_args=None, catkin_skip_building_tests=False, mixin_files=None, mixin=None, verb_parser=<colcon_mixin.mixin.mixin_argument.MixinArgumentDecorator object at 0x7f6286cd2410>, verb_extension=<colcon_core.verb.build.BuildVerb object at 0x7f6286cd1b70>, main=<bound method BuildVerb.main of <colcon_core.verb.build.BuildVerb object at 0x7f6286cd1b70>>, mixin_verb=('build',))[0m
[4.228s] [34mcolcon.colcon_core.package_discovery[0m [1;30mLevel 1[0m discover_packages(colcon_meta) check parameters
[4.228s] [34mcolcon.colcon_core.package_discovery[0m [1;30mLevel 1[0m discover_packages(recursive) check parameters
[4.229s] [34mcolcon.colcon_core.package_discovery[0m [1;30mLevel 1[0m discover_packages(ignore) check parameters
[4.229s] [34mcolcon.colcon_core.package_discovery[0m [1;30mLevel 1[0m discover_packages(path) check parameters
[4.229s] [34mcolcon.colcon_core.package_discovery[0m [1;30mLevel 1[0m discover_packages(colcon_meta) discover
[4.229s] [34mcolcon.colcon_core.package_discovery[0m [1;30mLevel 1[0m discover_packages(recursive) discover
[4.229s] [34mcolcon.colcon_core.package_discovery[0m [1;30mINFO[0m Crawling recursively for packages in '/home/atas/RESEARCH/traversablity_estimation_net'
[4.230s] [34mcolcon.colcon_core.package_identification[0m [1;30mLevel 1[0m _identify(.) by extensions ['ignore', 'ignore_ament_install']
[4.230s] [34mcolcon.colcon_core.package_identification[0m [1;30mLevel 1[0m _identify(.) by extension 'ignore'
[4.230s] [34mcolcon.colcon_core.package_identification[0m [1;30mLevel 1[0m _identify(.) by extension 'ignore_ament_install'
[4.231s] [34mcolcon.colcon_core.package_identification[0m [1;30mLevel 1[0m _identify(.) by extensions ['colcon_pkg']
[4.231s] [34mcolcon.colcon_core.package_identification[0m [1;30mLevel 1[0m _identify(.) by extension 'colcon_pkg'
[4.231s] [34mcolcon.colcon_core.package_identification[0m [1;30mLevel 1[0m _identify(.) by extensions ['colcon_meta']
[4.231s] [34mcolcon.colcon_core.package_identification[0m [1;30mLevel 1[0m _identify(.) by extension 'colcon_meta'
[4.231s] [34mcolcon.colcon_core.package_identification[0m [1;30mLevel 1[0m _identify(.) by extensions ['ros']
[4.232s] [34mcolcon.colcon_core.package_identification[0m [1;30mLevel 1[0m _identify(.) by extension 'ros'
[4.256s] [34mcolcon.colcon_core.package_identification[0m [1;30mDEBUG[0m [32mPackage '.' with type 'ros.ament_cmake' and name 'traversablity_estimation_net'[0m
[4.257s] [34mcolcon.colcon_core.package_discovery[0m [1;30mLevel 1[0m discover_packages(recursive) using defaults
[4.257s] [34mcolcon.colcon_core.package_discovery[0m [1;30mLevel 1[0m discover_packages(ignore) discover
[4.257s] [34mcolcon.colcon_core.package_discovery[0m [1;30mLevel 1[0m discover_packages(ignore) using defaults
[4.257s] [34mcolcon.colcon_core.package_discovery[0m [1;30mLevel 1[0m discover_packages(path) discover
[4.257s] [34mcolcon.colcon_core.package_discovery[0m [1;30mLevel 1[0m discover_packages(path) using defaults
[4.576s] [34mcolcon.colcon_core.package_discovery[0m [1;30mLevel 1[0m discover_packages(prefix_path) check parameters
[4.577s] [34mcolcon.colcon_core.package_discovery[0m [1;30mLevel 1[0m discover_packages(prefix_path) discover
[4.682s] [34mcolcon.colcon_installed_package_information.package_discovery[0m [1;30mDEBUG[0m [32mFound 1 installed packages in /home/atas/RESEARCH/traversablity_estimation_net/install[0m
[4.775s] [34mcolcon.colcon_installed_package_information.package_discovery[0m [1;30mDEBUG[0m [32mFound 53 installed packages in /home/atas/ros2_ws/install[0m
[4.856s] [34mcolcon.colcon_installed_package_information.package_discovery[0m [1;30mDEBUG[0m [32mFound 368 installed packages in /opt/ros/humble[0m
[4.859s] [34mcolcon.colcon_core.package_discovery[0m [1;30mLevel 1[0m discover_packages(prefix_path) using defaults
[5.219s] [34mcolcon.colcon_core.verb[0m [1;30mLevel 5[0m set package 'traversablity_estimation_net' build argument 'cmake_args' from command line to '['-DCMAKE_BUILD_TYPE=Release']'
[5.219s] [34mcolcon.colcon_core.verb[0m [1;30mLevel 5[0m set package 'traversablity_estimation_net' build argument 'cmake_target' from command line to 'None'
[5.220s] [34mcolcon.colcon_core.verb[0m [1;30mLevel 5[0m set package 'traversablity_estimation_net' build argument 'cmake_target_skip_unavailable' from command line to 'False'
[5.220s] [34mcolcon.colcon_core.verb[0m [1;30mLevel 5[0m set package 'traversablity_estimation_net' build argument 'cmake_clean_cache' from command line to 'False'
[5.220s] [34mcolcon.colcon_core.verb[0m [1;30mLevel 5[0m set package 'traversablity_estimation_net' build argument 'cmake_clean_first' from command line to 'False'
[5.220s] [34mcolcon.colcon_core.verb[0m [1;30mLevel 5[0m set package 'traversablity_estimation_net' build argument 'cmake_force_configure' from command line to 'False'
[5.220s] [34mcolcon.colcon_core.verb[0m [1;30mLevel 5[0m set package 'traversablity_estimation_net' build argument 'ament_cmake_args' from command line to 'None'
[5.221s] [34mcolcon.colcon_core.verb[0m [1;30mLevel 5[0m set package 'traversablity_estimation_net' build argument 'catkin_cmake_args' from command line to 'None'
[5.221s] [34mcolcon.colcon_core.verb[0m [1;30mLevel 5[0m set package 'traversablity_estimation_net' build argument 'catkin_skip_building_tests' from command line to 'False'
[5.221s] [34mcolcon.colcon_core.verb[0m [1;30mDEBUG[0m [32mBuilding package 'traversablity_estimation_net' with the following arguments: {'ament_cmake_args': None, 'build_base': '/home/atas/RESEARCH/traversablity_estimation_net/build/traversablity_estimation_net', 'catkin_cmake_args': None, 'catkin_skip_building_tests': False, 'cmake_args': ['-DCMAKE_BUILD_TYPE=Release'], 'cmake_clean_cache': False, 'cmake_clean_first': False, 'cmake_force_configure': False, 'cmake_target': None, 'cmake_target_skip_unavailable': False, 'install_base': '/home/atas/RESEARCH/traversablity_estimation_net/install/traversablity_estimation_net', 'merge_install': False, 'path': '/home/atas/RESEARCH/traversablity_estimation_net', 'symlink_install': True, 'test_result_base': None}[0m
[5.277s] [34mcolcon.colcon_core.executor[0m [1;30mINFO[0m Executing jobs using 'parallel' executor
[5.335s] [34mcolcon.colcon_parallel_executor.executor.parallel[0m [1;30mDEBUG[0m [32mrun_until_complete[0m
[5.335s] [34mcolcon.colcon_ros.task.ament_cmake.build[0m [1;30mINFO[0m Building ROS package in '/home/atas/RESEARCH/traversablity_estimation_net' with build type 'ament_cmake'
[5.335s] [34mcolcon.colcon_cmake.task.cmake.build[0m [1;30mINFO[0m Building CMake package in '/home/atas/RESEARCH/traversablity_estimation_net'
[5.439s] [34mcolcon.colcon_core.plugin_system[0m [1;30mINFO[0m Skipping extension 'colcon_core.shell.bat': Not used on non-Windows systems
[5.440s] [34mcolcon.colcon_core.shell[0m [1;30mINFO[0m Skip shell extension 'powershell' for command environment: Not usable outside of PowerShell
[5.440s] [34mcolcon.colcon_core.shell[0m [1;30mDEBUG[0m [32mSkip shell extension 'dsv' for command environment[0m
[5.815s] [34mcolcon.colcon_core.event_handler.log_command[0m [1;30mDEBUG[0m [32mInvoking command in '/home/atas/RESEARCH/traversablity_estimation_net/build/traversablity_estimation_net': CMAKE_PREFIX_PATH=/home/atas/RESEARCH/traversablity_estimation_net/install/traversablity_estimation_net:/home/atas/ros2_ws/install/vox_nav_waypoint_nav_clients:/home/atas/ros2_ws/install/thorvald_vox_nav:/home/atas/ros2_ws/install/robotnik_vox_nav:/home/atas/ros2_ws/install/vox_nav_bringup:/home/atas/ros2_ws/install/vox_nav_planning:/home/atas/ros2_ws/install/vox_nav_navigators:/home/atas/ros2_ws/install/vox_nav_misc:/home/atas/ros2_ws/install/vox_nav_map_server:/home/atas/ros2_ws/install/vox_nav_control:/home/atas/ros2_ws/install/thorvald_gui:/home/atas/ros2_ws/install/vox_nav_utilities:/home/atas/ros2_ws/install/robot_centric_slam:/home/atas/ros2_ws/install/vox_nav_slam_msgs:/home/atas/ros2_ws/install/lidar_apollo_instance_segmentation:/home/atas/ros2_ws/install/vox_nav_msgs:/home/atas/ros2_ws/install/vdb_mapping_ros2:/home/atas/ros2_ws/install/vdb_mapping_interfaces:/home/atas/ros2_ws/install/vdb_mapping:/home/atas/ros2_ws/install/thorvald_simulator:/home/atas/ros2_ws/install/thorvald_gazebo_plugins:/home/atas/ros2_ws/install/thorvald_example_robots:/home/atas/ros2_ws/install/thorvald:/home/atas/ros2_ws/install/thorvald_bringup:/home/atas/ros2_ws/install/thorvald_base:/home/atas/ros2_ws/install/thorvald_utilities:/home/atas/ros2_ws/install/thorvald_teleop:/home/atas/ros2_ws/install/thorvald_navigation2:/home/atas/ros2_ws/install/thorvald_msgs:/home/atas/ros2_ws/install/thorvald_description:/home/atas/ros2_ws/install/thorvald_can_devices:/home/atas/ros2_ws/install/tensorrt_common:/home/atas/ros2_ws/install/nmea_navsat_driver:/home/atas/ros2_ws/install/imrt_virtual_joy:/home/atas/ros2_ws/install/imrt_teleop:/opt/ros/humble:/home/atas/ros2_ws/install/serial:/home/atas/ros2_ws/install/sensor_drivers_bringup:/home/atas/ros2_ws/install/imu_tools:/home/atas/ros2_ws/install/rviz_imu_plugin:/home/atas/ros2_ws/install/robot_localization:/home/atas/ros2_ws/install/realsense_ros2_camera:/home/atas/ros2_ws/install/realsense_camera_msgs:/home/atas/ros2_ws/install/ouster_ros:/home/atas/ros2_ws/install/ouster_msgs:/home/atas/ros2_ws/install/ompl:/home/atas/ros2_ws/install/lio_sam:/home/atas/ros2_ws/install/kiss_icp:/home/atas/ros2_ws/install/imu_filter_madgwick:/home/atas/ros2_ws/install/imu_complementary_filter:/home/atas/ros2_ws/install/fast_gicp:/home/atas/ros2_ws/install/cuda_utils:/home/atas/ros2_ws/install/casadi:/home/atas/ros2_ws/install/bluespace_ai_xsens_mti_driver:/home/atas/ros2_ws/install/ACADO /usr/local/bin/cmake --build /home/atas/RESEARCH/traversablity_estimation_net/build/traversablity_estimation_net -- -j8 -l8[0m
[56.513s] [34mcolcon.colcon_core.event_handler.log_command[0m [1;30mDEBUG[0m [32mInvoked command in '/home/atas/RESEARCH/traversablity_estimation_net/build/traversablity_estimation_net' returned '0': CMAKE_PREFIX_PATH=/home/atas/RESEARCH/traversablity_estimation_net/install/traversablity_estimation_net:/home/atas/ros2_ws/install/vox_nav_waypoint_nav_clients:/home/atas/ros2_ws/install/thorvald_vox_nav:/home/atas/ros2_ws/install/robotnik_vox_nav:/home/atas/ros2_ws/install/vox_nav_bringup:/home/atas/ros2_ws/install/vox_nav_planning:/home/atas/ros2_ws/install/vox_nav_navigators:/home/atas/ros2_ws/install/vox_nav_misc:/home/atas/ros2_ws/install/vox_nav_map_server:/home/atas/ros2_ws/install/vox_nav_control:/home/atas/ros2_ws/install/thorvald_gui:/home/atas/ros2_ws/install/vox_nav_utilities:/home/atas/ros2_ws/install/robot_centric_slam:/home/atas/ros2_ws/install/vox_nav_slam_msgs:/home/atas/ros2_ws/install/lidar_apollo_instance_segmentation:/home/atas/ros2_ws/install/vox_nav_msgs:/home/atas/ros2_ws/install/vdb_mapping_ros2:/home/atas/ros2_ws/install/vdb_mapping_interfaces:/home/atas/ros2_ws/install/vdb_mapping:/home/atas/ros2_ws/install/thorvald_simulator:/home/atas/ros2_ws/install/thorvald_gazebo_plugins:/home/atas/ros2_ws/install/thorvald_example_robots:/home/atas/ros2_ws/install/thorvald:/home/atas/ros2_ws/install/thorvald_bringup:/home/atas/ros2_ws/install/thorvald_base:/home/atas/ros2_ws/install/thorvald_utilities:/home/atas/ros2_ws/install/thorvald_teleop:/home/atas/ros2_ws/install/thorvald_navigation2:/home/atas/ros2_ws/install/thorvald_msgs:/home/atas/ros2_ws/install/thorvald_description:/home/atas/ros2_ws/install/thorvald_can_devices:/home/atas/ros2_ws/install/tensorrt_common:/home/atas/ros2_ws/install/nmea_navsat_driver:/home/atas/ros2_ws/install/imrt_virtual_joy:/home/atas/ros2_ws/install/imrt_teleop:/opt/ros/humble:/home/atas/ros2_ws/install/serial:/home/atas/ros2_ws/install/sensor_drivers_bringup:/home/atas/ros2_ws/install/imu_tools:/home/atas/ros2_ws/install/rviz_imu_plugin:/home/atas/ros2_ws/install/robot_localization:/home/atas/ros2_ws/install/realsense_ros2_camera:/home/atas/ros2_ws/install/realsense_camera_msgs:/home/atas/ros2_ws/install/ouster_ros:/home/atas/ros2_ws/install/ouster_msgs:/home/atas/ros2_ws/install/ompl:/home/atas/ros2_ws/install/lio_sam:/home/atas/ros2_ws/install/kiss_icp:/home/atas/ros2_ws/install/imu_filter_madgwick:/home/atas/ros2_ws/install/imu_complementary_filter:/home/atas/ros2_ws/install/fast_gicp:/home/atas/ros2_ws/install/cuda_utils:/home/atas/ros2_ws/install/casadi:/home/atas/ros2_ws/install/bluespace_ai_xsens_mti_driver:/home/atas/ros2_ws/install/ACADO /usr/local/bin/cmake --build /home/atas/RESEARCH/traversablity_estimation_net/build/traversablity_estimation_net -- -j8 -l8[0m
[56.760s] [34mcolcon.colcon_core.event_handler.log_command[0m [1;30mDEBUG[0m [32mInvoking command in '/home/atas/RESEARCH/traversablity_estimation_net/build/traversablity_estimation_net': CMAKE_PREFIX_PATH=/home/atas/RESEARCH/traversablity_estimation_net/install/traversablity_estimation_net:/home/atas/ros2_ws/install/vox_nav_waypoint_nav_clients:/home/atas/ros2_ws/install/thorvald_vox_nav:/home/atas/ros2_ws/install/robotnik_vox_nav:/home/atas/ros2_ws/install/vox_nav_bringup:/home/atas/ros2_ws/install/vox_nav_planning:/home/atas/ros2_ws/install/vox_nav_navigators:/home/atas/ros2_ws/install/vox_nav_misc:/home/atas/ros2_ws/install/vox_nav_map_server:/home/atas/ros2_ws/install/vox_nav_control:/home/atas/ros2_ws/install/thorvald_gui:/home/atas/ros2_ws/install/vox_nav_utilities:/home/atas/ros2_ws/install/robot_centric_slam:/home/atas/ros2_ws/install/vox_nav_slam_msgs:/home/atas/ros2_ws/install/lidar_apollo_instance_segmentation:/home/atas/ros2_ws/install/vox_nav_msgs:/home/atas/ros2_ws/install/vdb_mapping_ros2:/home/atas/ros2_ws/install/vdb_mapping_interfaces:/home/atas/ros2_ws/install/vdb_mapping:/home/atas/ros2_ws/install/thorvald_simulator:/home/atas/ros2_ws/install/thorvald_gazebo_plugins:/home/atas/ros2_ws/install/thorvald_example_robots:/home/atas/ros2_ws/install/thorvald:/home/atas/ros2_ws/install/thorvald_bringup:/home/atas/ros2_ws/install/thorvald_base:/home/atas/ros2_ws/install/thorvald_utilities:/home/atas/ros2_ws/install/thorvald_teleop:/home/atas/ros2_ws/install/thorvald_navigation2:/home/atas/ros2_ws/install/thorvald_msgs:/home/atas/ros2_ws/install/thorvald_description:/home/atas/ros2_ws/install/thorvald_can_devices:/home/atas/ros2_ws/install/tensorrt_common:/home/atas/ros2_ws/install/nmea_navsat_driver:/home/atas/ros2_ws/install/imrt_virtual_joy:/home/atas/ros2_ws/install/imrt_teleop:/opt/ros/humble:/home/atas/ros2_ws/install/serial:/home/atas/ros2_ws/install/sensor_drivers_bringup:/home/atas/ros2_ws/install/imu_tools:/home/atas/ros2_ws/install/rviz_imu_plugin:/home/atas/ros2_ws/install/robot_localization:/home/atas/ros2_ws/install/realsense_ros2_camera:/home/atas/ros2_ws/install/realsense_camera_msgs:/home/atas/ros2_ws/install/ouster_ros:/home/atas/ros2_ws/install/ouster_msgs:/home/atas/ros2_ws/install/ompl:/home/atas/ros2_ws/install/lio_sam:/home/atas/ros2_ws/install/kiss_icp:/home/atas/ros2_ws/install/imu_filter_madgwick:/home/atas/ros2_ws/install/imu_complementary_filter:/home/atas/ros2_ws/install/fast_gicp:/home/atas/ros2_ws/install/cuda_utils:/home/atas/ros2_ws/install/casadi:/home/atas/ros2_ws/install/bluespace_ai_xsens_mti_driver:/home/atas/ros2_ws/install/ACADO /usr/local/bin/cmake --install /home/atas/RESEARCH/traversablity_estimation_net/build/traversablity_estimation_net[0m
[56.836s] [34mcolcon.colcon_core.environment[0m [1;30mLevel 1[0m create_environment_scripts_only(traversablity_estimation_net)
[56.842s] [34mcolcon.colcon_core.event_handler.log_command[0m [1;30mDEBUG[0m [32mInvoked command in '/home/atas/RESEARCH/traversablity_estimation_net/build/traversablity_estimation_net' returned '0': CMAKE_PREFIX_PATH=/home/atas/RESEARCH/traversablity_estimation_net/install/traversablity_estimation_net:/home/atas/ros2_ws/install/vox_nav_waypoint_nav_clients:/home/atas/ros2_ws/install/thorvald_vox_nav:/home/atas/ros2_ws/install/robotnik_vox_nav:/home/atas/ros2_ws/install/vox_nav_bringup:/home/atas/ros2_ws/install/vox_nav_planning:/home/atas/ros2_ws/install/vox_nav_navigators:/home/atas/ros2_ws/install/vox_nav_misc:/home/atas/ros2_ws/install/vox_nav_map_server:/home/atas/ros2_ws/install/vox_nav_control:/home/atas/ros2_ws/install/thorvald_gui:/home/atas/ros2_ws/install/vox_nav_utilities:/home/atas/ros2_ws/install/robot_centric_slam:/home/atas/ros2_ws/install/vox_nav_slam_msgs:/home/atas/ros2_ws/install/lidar_apollo_instance_segmentation:/home/atas/ros2_ws/install/vox_nav_msgs:/home/atas/ros2_ws/install/vdb_mapping_ros2:/home/atas/ros2_ws/install/vdb_mapping_interfaces:/home/atas/ros2_ws/install/vdb_mapping:/home/atas/ros2_ws/install/thorvald_simulator:/home/atas/ros2_ws/install/thorvald_gazebo_plugins:/home/atas/ros2_ws/install/thorvald_example_robots:/home/atas/ros2_ws/install/thorvald:/home/atas/ros2_ws/install/thorvald_bringup:/home/atas/ros2_ws/install/thorvald_base:/home/atas/ros2_ws/install/thorvald_utilities:/home/atas/ros2_ws/install/thorvald_teleop:/home/atas/ros2_ws/install/thorvald_navigation2:/home/atas/ros2_ws/install/thorvald_msgs:/home/atas/ros2_ws/install/thorvald_description:/home/atas/ros2_ws/install/thorvald_can_devices:/home/atas/ros2_ws/install/tensorrt_common:/home/atas/ros2_ws/install/nmea_navsat_driver:/home/atas/ros2_ws/install/imrt_virtual_joy:/home/atas/ros2_ws/install/imrt_teleop:/opt/ros/humble:/home/atas/ros2_ws/install/serial:/home/atas/ros2_ws/install/sensor_drivers_bringup:/home/atas/ros2_ws/install/imu_tools:/home/atas/ros2_ws/install/rviz_imu_plugin:/home/atas/ros2_ws/install/robot_localization:/home/atas/ros2_ws/install/realsense_ros2_camera:/home/atas/ros2_ws/install/realsense_camera_msgs:/home/atas/ros2_ws/install/ouster_ros:/home/atas/ros2_ws/install/ouster_msgs:/home/atas/ros2_ws/install/ompl:/home/atas/ros2_ws/install/lio_sam:/home/atas/ros2_ws/install/kiss_icp:/home/atas/ros2_ws/install/imu_filter_madgwick:/home/atas/ros2_ws/install/imu_complementary_filter:/home/atas/ros2_ws/install/fast_gicp:/home/atas/ros2_ws/install/cuda_utils:/home/atas/ros2_ws/install/casadi:/home/atas/ros2_ws/install/bluespace_ai_xsens_mti_driver:/home/atas/ros2_ws/install/ACADO /usr/local/bin/cmake --install /home/atas/RESEARCH/traversablity_estimation_net/build/traversablity_estimation_net[0m
[56.890s] [34mcolcon.colcon_core.environment[0m [1;30mLevel 1[0m checking '/home/atas/RESEARCH/traversablity_estimation_net/install/traversablity_estimation_net' for CMake module files
[56.890s] [34mcolcon.colcon_core.environment[0m [1;30mLevel 1[0m checking '/home/atas/RESEARCH/traversablity_estimation_net/install/traversablity_estimation_net' for CMake config files
[56.891s] [34mcolcon.colcon_core.shell[0m [1;30mLevel 1[0m create_environment_hook('traversablity_estimation_net', 'cmake_prefix_path')
[56.936s] [34mcolcon.colcon_core.shell[0m [1;30mINFO[0m Creating environment hook '/home/atas/RESEARCH/traversablity_estimation_net/install/traversablity_estimation_net/share/traversablity_estimation_net/hook/cmake_prefix_path.ps1'
[56.937s] [34mcolcon.colcon_core.shell[0m [1;30mINFO[0m Creating environment descriptor '/home/atas/RESEARCH/traversablity_estimation_net/install/traversablity_estimation_net/share/traversablity_estimation_net/hook/cmake_prefix_path.dsv'
[56.938s] [34mcolcon.colcon_core.shell[0m [1;30mINFO[0m Creating environment hook '/home/atas/RESEARCH/traversablity_estimation_net/install/traversablity_estimation_net/share/traversablity_estimation_net/hook/cmake_prefix_path.sh'
[56.939s] [34mcolcon.colcon_core.environment[0m [1;30mLevel 1[0m checking '/home/atas/RESEARCH/traversablity_estimation_net/install/traversablity_estimation_net/lib'
[56.939s] [34mcolcon.colcon_core.environment[0m [1;30mLevel 1[0m checking '/home/atas/RESEARCH/traversablity_estimation_net/install/traversablity_estimation_net/bin'
[56.940s] [34mcolcon.colcon_core.environment[0m [1;30mLevel 1[0m checking '/home/atas/RESEARCH/traversablity_estimation_net/install/traversablity_estimation_net/lib/pkgconfig/traversablity_estimation_net.pc'
[56.940s] [34mcolcon.colcon_core.environment[0m [1;30mLevel 1[0m checking '/home/atas/RESEARCH/traversablity_estimation_net/install/traversablity_estimation_net/lib/python3.10/site-packages'
[56.940s] [34mcolcon.colcon_core.environment[0m [1;30mLevel 1[0m checking '/home/atas/RESEARCH/traversablity_estimation_net/install/traversablity_estimation_net/bin'
[56.975s] [34mcolcon.colcon_core.shell[0m [1;30mINFO[0m Creating package script '/home/atas/RESEARCH/traversablity_estimation_net/install/traversablity_estimation_net/share/traversablity_estimation_net/package.ps1'
[56.976s] [34mcolcon.colcon_core.shell[0m [1;30mINFO[0m Creating package descriptor '/home/atas/RESEARCH/traversablity_estimation_net/install/traversablity_estimation_net/share/traversablity_estimation_net/package.dsv'
[56.977s] [34mcolcon.colcon_core.shell[0m [1;30mINFO[0m Creating package script '/home/atas/RESEARCH/traversablity_estimation_net/install/traversablity_estimation_net/share/traversablity_estimation_net/package.sh'
[56.978s] [34mcolcon.colcon_core.shell[0m [1;30mINFO[0m Creating package script '/home/atas/RESEARCH/traversablity_estimation_net/install/traversablity_estimation_net/share/traversablity_estimation_net/package.bash'
[56.979s] [34mcolcon.colcon_core.shell[0m [1;30mINFO[0m Creating package script '/home/atas/RESEARCH/traversablity_estimation_net/install/traversablity_estimation_net/share/traversablity_estimation_net/package.zsh'
[56.980s] [34mcolcon.colcon_core.environment[0m [1;30mLevel 1[0m create_file_with_runtime_dependencies(/home/atas/RESEARCH/traversablity_estimation_net/install/traversablity_estimation_net/share/colcon-core/packages/traversablity_estimation_net)
[57.215s] [34mcolcon.colcon_core.environment[0m [1;30mLevel 1[0m create_environment_scripts_only(traversablity_estimation_net)
[57.265s] [34mcolcon.colcon_core.environment[0m [1;30mLevel 1[0m checking '/home/atas/RESEARCH/traversablity_estimation_net/install/traversablity_estimation_net' for CMake module files
[57.266s] [34mcolcon.colcon_core.environment[0m [1;30mLevel 1[0m checking '/home/atas/RESEARCH/traversablity_estimation_net/install/traversablity_estimation_net' for CMake config files
[57.267s] [34mcolcon.colcon_core.shell[0m [1;30mLevel 1[0m create_environment_hook('traversablity_estimation_net', 'cmake_prefix_path')
[57.367s] [34mcolcon.colcon_core.shell[0m [1;30mINFO[0m Creating environment hook '/home/atas/RESEARCH/traversablity_estimation_net/install/traversablity_estimation_net/share/traversablity_estimation_net/hook/cmake_prefix_path.ps1'
[57.368s] [34mcolcon.colcon_core.shell[0m [1;30mINFO[0m Creating environment descriptor '/home/atas/RESEARCH/traversablity_estimation_net/install/traversablity_estimation_net/share/traversablity_estimation_net/hook/cmake_prefix_path.dsv'
[57.369s] [34mcolcon.colcon_core.shell[0m [1;30mINFO[0m Creating environment hook '/home/atas/RESEARCH/traversablity_estimation_net/install/traversablity_estimation_net/share/traversablity_estimation_net/hook/cmake_prefix_path.sh'
[57.370s] [34mcolcon.colcon_core.environment[0m [1;30mLevel 1[0m checking '/home/atas/RESEARCH/traversablity_estimation_net/install/traversablity_estimation_net/lib'
[57.370s] [34mcolcon.colcon_core.environment[0m [1;30mLevel 1[0m checking '/home/atas/RESEARCH/traversablity_estimation_net/install/traversablity_estimation_net/bin'
[57.370s] [34mcolcon.colcon_core.environment[0m [1;30mLevel 1[0m checking '/home/atas/RESEARCH/traversablity_estimation_net/install/traversablity_estimation_net/lib/pkgconfig/traversablity_estimation_net.pc'
[57.371s] [34mcolcon.colcon_core.environment[0m [1;30mLevel 1[0m checking '/home/atas/RESEARCH/traversablity_estimation_net/install/traversablity_estimation_net/lib/python3.10/site-packages'
[57.371s] [34mcolcon.colcon_core.environment[0m [1;30mLevel 1[0m checking '/home/atas/RESEARCH/traversablity_estimation_net/install/traversablity_estimation_net/bin'
[57.421s] [34mcolcon.colcon_core.shell[0m [1;30mINFO[0m Creating package script '/home/atas/RESEARCH/traversablity_estimation_net/install/traversablity_estimation_net/share/traversablity_estimation_net/package.ps1'
[57.422s] [34mcolcon.colcon_core.shell[0m [1;30mINFO[0m Creating package descriptor '/home/atas/RESEARCH/traversablity_estimation_net/install/traversablity_estimation_net/share/traversablity_estimation_net/package.dsv'
[57.422s] [34mcolcon.colcon_core.shell[0m [1;30mINFO[0m Creating package script '/home/atas/RESEARCH/traversablity_estimation_net/install/traversablity_estimation_net/share/traversablity_estimation_net/package.sh'
[57.423s] [34mcolcon.colcon_core.shell[0m [1;30mINFO[0m Creating package script '/home/atas/RESEARCH/traversablity_estimation_net/install/traversablity_estimation_net/share/traversablity_estimation_net/package.bash'
[57.424s] [34mcolcon.colcon_core.shell[0m [1;30mINFO[0m Creating package script '/home/atas/RESEARCH/traversablity_estimation_net/install/traversablity_estimation_net/share/traversablity_estimation_net/package.zsh'
[57.424s] [34mcolcon.colcon_core.environment[0m [1;30mLevel 1[0m create_file_with_runtime_dependencies(/home/atas/RESEARCH/traversablity_estimation_net/install/traversablity_estimation_net/share/colcon-core/packages/traversablity_estimation_net)
[57.426s] [34mcolcon.colcon_parallel_executor.executor.parallel[0m [1;30mDEBUG[0m [32mclosing loop[0m
[57.426s] [34mcolcon.colcon_parallel_executor.executor.parallel[0m [1;30mDEBUG[0m [32mloop closed[0m
[57.426s] [34mcolcon.colcon_parallel_executor.executor.parallel[0m [1;30mDEBUG[0m [32mrun_until_complete finished with '0'[0m
[57.426s] [34mcolcon.colcon_core.event_reactor[0m [1;30mDEBUG[0m [32mjoining thread[0m
[57.490s] [34mcolcon.colcon_core.plugin_system[0m [1;30mINFO[0m Skipping extension 'colcon_notification.desktop_notification.terminal_notifier': Not used on non-Darwin systems
[57.490s] [34mcolcon.colcon_core.plugin_system[0m [1;30mINFO[0m Skipping extension 'colcon_notification.desktop_notification.win32': Not used on non-Windows systems
[57.490s] [34mcolcon.colcon_notification.desktop_notification[0m [1;30mINFO[0m Sending desktop notification using 'notify2'
[57.506s] [34mcolcon.colcon_core.event_reactor[0m [1;30mDEBUG[0m [32mjoined thread[0m
[57.549s] [34mcolcon.colcon_core.shell[0m [1;30mINFO[0m Creating prefix script '/home/atas/RESEARCH/traversablity_estimation_net/install/local_setup.ps1'
[57.551s] [34mcolcon.colcon_core.shell[0m [1;30mINFO[0m Creating prefix util module '/home/atas/RESEARCH/traversablity_estimation_net/install/_local_setup_util_ps1.py'
[57.553s] [34mcolcon.colcon_core.shell[0m [1;30mINFO[0m Creating prefix chain script '/home/atas/RESEARCH/traversablity_estimation_net/install/setup.ps1'
[57.603s] [34mcolcon.colcon_core.shell[0m [1;30mINFO[0m Creating prefix script '/home/atas/RESEARCH/traversablity_estimation_net/install/local_setup.sh'
[57.604s] [34mcolcon.colcon_core.shell[0m [1;30mINFO[0m Creating prefix util module '/home/atas/RESEARCH/traversablity_estimation_net/install/_local_setup_util_sh.py'
[57.606s] [34mcolcon.colcon_core.shell[0m [1;30mINFO[0m Creating prefix chain script '/home/atas/RESEARCH/traversablity_estimation_net/install/setup.sh'
[57.693s] [34mcolcon.colcon_core.shell[0m [1;30mINFO[0m Creating prefix script '/home/atas/RESEARCH/traversablity_estimation_net/install/local_setup.bash'
[57.694s] [34mcolcon.colcon_core.shell[0m [1;30mINFO[0m Creating prefix chain script '/home/atas/RESEARCH/traversablity_estimation_net/install/setup.bash'
[57.736s] [34mcolcon.colcon_core.shell[0m [1;30mINFO[0m Creating prefix script '/home/atas/RESEARCH/traversablity_estimation_net/install/local_setup.zsh'
[57.737s] [34mcolcon.colcon_core.shell[0m [1;30mINFO[0m Creating prefix chain script '/home/atas/RESEARCH/traversablity_estimation_net/install/setup.zsh'
