[ 50%] [32mBuilding CXX object CMakeFiles/traversablity_smoother_node.dir/src/traversablity_smoother_node.cpp.o[0m
gmake[2]: *** [CMakeFiles/traversablity_smoother_node.dir/build.make:76: CMakeFiles/traversablity_smoother_node.dir/src/traversablity_smoother_node.cpp.o] Interrupt
gmake[1]: *** [CMakeFiles/Makefile2:137: CMakeFiles/traversablity_smoother_node.dir/all] Interrupt
gmake: *** [Makefile:146: all] Interrupt
Traceback (most recent call last):
  File "/usr/local/bin/cmake", line 8, in <module>
    sys.exit(cmake())
  File "/usr/local/lib/python3.10/dist-packages/cmake/__init__.py", line 43, in cmake
    raise SystemExit(_program('cmake', sys.argv[1:]))
  File "/usr/local/lib/python3.10/dist-packages/cmake/__init__.py", line 39, in _program
    return subprocess.call([os.path.join(CMAKE_BIN_DIR, name)] + args, close_fds=False)
  File "/usr/lib/python3.10/subprocess.py", line 347, in call
    return p.wait(timeout=timeout)
  File "/usr/lib/python3.10/subprocess.py", line 1209, in wait
    return self._wait(timeout=timeout)
  File "/usr/lib/python3.10/subprocess.py", line 1959, in _wait
    (pid, sts) = self._try_wait(0)
  File "/usr/lib/python3.10/subprocess.py", line 1917, in _try_wait
    (pid, sts) = os.waitpid(self.pid, wait_flags)
KeyboardInterrupt
