[4.196s] [34mcolcon[0m [1;30mDEBUG[0m [32mCommand line arguments: ['/usr/bin/colcon', 'build', '--symlink-install', '--cmake-args', '-DCMAKE_BUILD_TYPE=Release'][0m
[4.196s] [34mcolcon[0m [1;30mDEBUG[0m [32mParsed command line arguments: Namespace(log_base=None, log_level=None, verb_name='build', build_base='build', install_base='install', merge_install=False, symlink_install=True, test_result_base=None, continue_on_error=False, executor='parallel', parallel_workers=8, event_handlers=None, ignore_user_meta=False, metas=['./colcon.meta'], base_paths=['.'], packages_ignore=None, packages_ignore_regex=None, paths=None, packages_up_to=None, packages_up_to_regex=None, packages_above=None, packages_above_and_dependencies=None, packages_above_depth=None, packages_select_by_dep=None, packages_skip_by_dep=None, packages_skip_up_to=None, packages_select_build_failed=False, packages_skip_build_finished=False, packages_select_test_failures=False, packages_skip_test_passed=False, packages_select=None, packages_skip=None, packages_select_regex=None, packages_skip_regex=None, packages_start=None, packages_end=None, allow_overriding=[], cmake_args=['-DCMAKE_BUILD_TYPE=Release'], cmake_target=None, cmake_target_skip_unavailable=False, cmake_clean_cache=False, cmake_clean_first=False, cmake_force_configure=False, ament_cmake_args=None, catkin_cmake_args=None, catkin_skip_building_tests=False, mixin_files=None, mixin=None, verb_parser=<colcon_mixin.mixin.mixin_argument.MixinArgumentDecorator object at 0x7f8280ad2410>, verb_extension=<colcon_core.verb.build.BuildVerb object at 0x7f8280ad1b70>, main=<bound method BuildVerb.main of <colcon_core.verb.build.BuildVerb object at 0x7f8280ad1b70>>, mixin_verb=('build',))[0m
[4.364s] [34mcolcon.colcon_core.package_discovery[0m [1;30mLevel 1[0m discover_packages(colcon_meta) check parameters
[4.364s] [34mcolcon.colcon_core.package_discovery[0m [1;30mLevel 1[0m discover_packages(recursive) check parameters
[4.365s] [34mcolcon.colcon_core.package_discovery[0m [1;30mLevel 1[0m discover_packages(ignore) check parameters
[4.365s] [34mcolcon.colcon_core.package_discovery[0m [1;30mLevel 1[0m discover_packages(path) check parameters
[4.365s] [34mcolcon.colcon_core.package_discovery[0m [1;30mLevel 1[0m discover_packages(colcon_meta) discover
[4.365s] [34mcolcon.colcon_core.package_discovery[0m [1;30mLevel 1[0m discover_packages(recursive) discover
[4.365s] [34mcolcon.colcon_core.package_discovery[0m [1;30mINFO[0m Crawling recursively for packages in '/home/atas/RESEARCH/traversablity_estimation_net'
[4.365s] [34mcolcon.colcon_core.package_identification[0m [1;30mLevel 1[0m _identify(.) by extensions ['ignore', 'ignore_ament_install']
[4.365s] [34mcolcon.colcon_core.package_identification[0m [1;30mLevel 1[0m _identify(.) by extension 'ignore'
[4.366s] [34mcolcon.colcon_core.package_identification[0m [1;30mLevel 1[0m _identify(.) by extension 'ignore_ament_install'
[4.366s] [34mcolcon.colcon_core.package_identification[0m [1;30mLevel 1[0m _identify(.) by extensions ['colcon_pkg']
[4.366s] [34mcolcon.colcon_core.package_identification[0m [1;30mLevel 1[0m _identify(.) by extension 'colcon_pkg'
[4.366s] [34mcolcon.colcon_core.package_identification[0m [1;30mLevel 1[0m _identify(.) by extensions ['colcon_meta']
[4.366s] [34mcolcon.colcon_core.package_identification[0m [1;30mLevel 1[0m _identify(.) by extension 'colcon_meta'
[4.367s] [34mcolcon.colcon_core.package_identification[0m [1;30mLevel 1[0m _identify(.) by extensions ['ros']
[4.367s] [34mcolcon.colcon_core.package_identification[0m [1;30mLevel 1[0m _identify(.) by extension 'ros'
[4.390s] [34mcolcon.colcon_core.package_identification[0m [1;30mDEBUG[0m [32mPackage '.' with type 'ros.ament_cmake' and name 'traversablity_estimation_net'[0m
[4.390s] [34mcolcon.colcon_core.package_discovery[0m [1;30mLevel 1[0m discover_packages(recursive) using defaults
[4.391s] [34mcolcon.colcon_core.package_discovery[0m [1;30mLevel 1[0m discover_packages(ignore) discover
[4.391s] [34mcolcon.colcon_core.package_discovery[0m [1;30mLevel 1[0m discover_packages(ignore) using defaults
[4.391s] [34mcolcon.colcon_core.package_discovery[0m [1;30mLevel 1[0m discover_packages(path) discover
[4.391s] [34mcolcon.colcon_core.package_discovery[0m [1;30mLevel 1[0m discover_packages(path) using defaults
[4.703s] [34mcolcon.colcon_core.package_discovery[0m [1;30mLevel 1[0m discover_packages(prefix_path) check parameters
[4.703s] [34mcolcon.colcon_core.package_discovery[0m [1;30mLevel 1[0m discover_packages(prefix_path) discover
[4.815s] [34mcolcon.colcon_installed_package_information.package_discovery[0m [1;30mDEBUG[0m [32mFound 1 installed packages in /home/atas/RESEARCH/traversablity_estimation_net/install[0m
[4.866s] [34mcolcon.colcon_installed_package_information.package_discovery[0m [1;30mDEBUG[0m [32mFound 53 installed packages in /home/atas/ros2_ws/install[0m
[4.932s] [34mcolcon.colcon_installed_package_information.package_discovery[0m [1;30mDEBUG[0m [32mFound 368 installed packages in /opt/ros/humble[0m
[4.938s] [34mcolcon.colcon_core.package_discovery[0m [1;30mLevel 1[0m discover_packages(prefix_path) using defaults
[5.191s] [34mcolcon.colcon_core.verb[0m [1;30mLevel 5[0m set package 'traversablity_estimation_net' build argument 'cmake_args' from command line to '['-DCMAKE_BUILD_TYPE=Release']'
[5.192s] [34mcolcon.colcon_core.verb[0m [1;30mLevel 5[0m set package 'traversablity_estimation_net' build argument 'cmake_target' from command line to 'None'
[5.192s] [34mcolcon.colcon_core.verb[0m [1;30mLevel 5[0m set package 'traversablity_estimation_net' build argument 'cmake_target_skip_unavailable' from command line to 'False'
[5.192s] [34mcolcon.colcon_core.verb[0m [1;30mLevel 5[0m set package 'traversablity_estimation_net' build argument 'cmake_clean_cache' from command line to 'False'
[5.192s] [34mcolcon.colcon_core.verb[0m [1;30mLevel 5[0m set package 'traversablity_estimation_net' build argument 'cmake_clean_first' from command line to 'False'
[5.192s] [34mcolcon.colcon_core.verb[0m [1;30mLevel 5[0m set package 'traversablity_estimation_net' build argument 'cmake_force_configure' from command line to 'False'
[5.192s] [34mcolcon.colcon_core.verb[0m [1;30mLevel 5[0m set package 'traversablity_estimation_net' build argument 'ament_cmake_args' from command line to 'None'
[5.192s] [34mcolcon.colcon_core.verb[0m [1;30mLevel 5[0m set package 'traversablity_estimation_net' build argument 'catkin_cmake_args' from command line to 'None'
[5.192s] [34mcolcon.colcon_core.verb[0m [1;30mLevel 5[0m set package 'traversablity_estimation_net' build argument 'catkin_skip_building_tests' from command line to 'False'
[5.192s] [34mcolcon.colcon_core.verb[0m [1;30mDEBUG[0m [32mBuilding package 'traversablity_estimation_net' with the following arguments: {'ament_cmake_args': None, 'build_base': '/home/atas/RESEARCH/traversablity_estimation_net/build/traversablity_estimation_net', 'catkin_cmake_args': None, 'catkin_skip_building_tests': False, 'cmake_args': ['-DCMAKE_BUILD_TYPE=Release'], 'cmake_clean_cache': False, 'cmake_clean_first': False, 'cmake_force_configure': False, 'cmake_target': None, 'cmake_target_skip_unavailable': False, 'install_base': '/home/atas/RESEARCH/traversablity_estimation_net/install/traversablity_estimation_net', 'merge_install': False, 'path': '/home/atas/RESEARCH/traversablity_estimation_net', 'symlink_install': True, 'test_result_base': None}[0m
[5.236s] [34mcolcon.colcon_core.executor[0m [1;30mINFO[0m Executing jobs using 'parallel' executor
[5.281s] [34mcolcon.colcon_parallel_executor.executor.parallel[0m [1;30mDEBUG[0m [32mrun_until_complete[0m
[5.282s] [34mcolcon.colcon_ros.task.ament_cmake.build[0m [1;30mINFO[0m Building ROS package in '/home/atas/RESEARCH/traversablity_estimation_net' with build type 'ament_cmake'
[5.282s] [34mcolcon.colcon_cmake.task.cmake.build[0m [1;30mINFO[0m Building CMake package in '/home/atas/RESEARCH/traversablity_estimation_net'
[5.340s] [34mcolcon.colcon_core.plugin_system[0m [1;30mINFO[0m Skipping extension 'colcon_core.shell.bat': Not used on non-Windows systems
[5.341s] [34mcolcon.colcon_core.shell[0m [1;30mINFO[0m Skip shell extension 'powershell' for command environment: Not usable outside of PowerShell
[5.341s] [34mcolcon.colcon_core.shell[0m [1;30mDEBUG[0m [32mSkip shell extension 'dsv' for command environment[0m
[5.563s] [34mcolcon.colcon_core.event_handler.log_command[0m [1;30mDEBUG[0m [32mInvoking command in '/home/atas/RESEARCH/traversablity_estimation_net/build/traversablity_estimation_net': CMAKE_PREFIX_PATH=/home/atas/RESEARCH/traversablity_estimation_net/install/traversablity_estimation_net:/home/atas/ros2_ws/install/vox_nav_waypoint_nav_clients:/home/atas/ros2_ws/install/thorvald_vox_nav:/home/atas/ros2_ws/install/robotnik_vox_nav:/home/atas/ros2_ws/install/vox_nav_bringup:/home/atas/ros2_ws/install/vox_nav_planning:/home/atas/ros2_ws/install/vox_nav_navigators:/home/atas/ros2_ws/install/vox_nav_misc:/home/atas/ros2_ws/install/vox_nav_map_server:/home/atas/ros2_ws/install/vox_nav_control:/home/atas/ros2_ws/install/thorvald_gui:/home/atas/ros2_ws/install/vox_nav_utilities:/home/atas/ros2_ws/install/robot_centric_slam:/home/atas/ros2_ws/install/vox_nav_slam_msgs:/home/atas/ros2_ws/install/lidar_apollo_instance_segmentation:/home/atas/ros2_ws/install/vox_nav_msgs:/home/atas/ros2_ws/install/vdb_mapping_ros2:/home/atas/ros2_ws/install/vdb_mapping_interfaces:/home/atas/ros2_ws/install/vdb_mapping:/home/atas/ros2_ws/install/thorvald_simulator:/home/atas/ros2_ws/install/thorvald_gazebo_plugins:/home/atas/ros2_ws/install/thorvald_example_robots:/home/atas/ros2_ws/install/thorvald:/home/atas/ros2_ws/install/thorvald_bringup:/home/atas/ros2_ws/install/thorvald_base:/home/atas/ros2_ws/install/thorvald_utilities:/home/atas/ros2_ws/install/thorvald_teleop:/home/atas/ros2_ws/install/thorvald_navigation2:/home/atas/ros2_ws/install/thorvald_msgs:/home/atas/ros2_ws/install/thorvald_description:/home/atas/ros2_ws/install/thorvald_can_devices:/home/atas/ros2_ws/install/tensorrt_common:/home/atas/ros2_ws/install/nmea_navsat_driver:/home/atas/ros2_ws/install/imrt_virtual_joy:/home/atas/ros2_ws/install/imrt_teleop:/opt/ros/humble:/home/atas/ros2_ws/install/serial:/home/atas/ros2_ws/install/sensor_drivers_bringup:/home/atas/ros2_ws/install/imu_tools:/home/atas/ros2_ws/install/rviz_imu_plugin:/home/atas/ros2_ws/install/robot_localization:/home/atas/ros2_ws/install/realsense_ros2_camera:/home/atas/ros2_ws/install/realsense_camera_msgs:/home/atas/ros2_ws/install/ouster_ros:/home/atas/ros2_ws/install/ouster_msgs:/home/atas/ros2_ws/install/ompl:/home/atas/ros2_ws/install/lio_sam:/home/atas/ros2_ws/install/kiss_icp:/home/atas/ros2_ws/install/imu_filter_madgwick:/home/atas/ros2_ws/install/imu_complementary_filter:/home/atas/ros2_ws/install/fast_gicp:/home/atas/ros2_ws/install/cuda_utils:/home/atas/ros2_ws/install/casadi:/home/atas/ros2_ws/install/bluespace_ai_xsens_mti_driver:/home/atas/ros2_ws/install/ACADO /usr/local/bin/cmake --build /home/atas/RESEARCH/traversablity_estimation_net/build/traversablity_estimation_net -- -j8 -l8[0m
[27.252s] [34mcolcon.colcon_core.event_handler.log_command[0m [1;30mDEBUG[0m [32mInvoked command in '/home/atas/RESEARCH/traversablity_estimation_net/build/traversablity_estimation_net' returned '2': CMAKE_PREFIX_PATH=/home/atas/RESEARCH/traversablity_estimation_net/install/traversablity_estimation_net:/home/atas/ros2_ws/install/vox_nav_waypoint_nav_clients:/home/atas/ros2_ws/install/thorvald_vox_nav:/home/atas/ros2_ws/install/robotnik_vox_nav:/home/atas/ros2_ws/install/vox_nav_bringup:/home/atas/ros2_ws/install/vox_nav_planning:/home/atas/ros2_ws/install/vox_nav_navigators:/home/atas/ros2_ws/install/vox_nav_misc:/home/atas/ros2_ws/install/vox_nav_map_server:/home/atas/ros2_ws/install/vox_nav_control:/home/atas/ros2_ws/install/thorvald_gui:/home/atas/ros2_ws/install/vox_nav_utilities:/home/atas/ros2_ws/install/robot_centric_slam:/home/atas/ros2_ws/install/vox_nav_slam_msgs:/home/atas/ros2_ws/install/lidar_apollo_instance_segmentation:/home/atas/ros2_ws/install/vox_nav_msgs:/home/atas/ros2_ws/install/vdb_mapping_ros2:/home/atas/ros2_ws/install/vdb_mapping_interfaces:/home/atas/ros2_ws/install/vdb_mapping:/home/atas/ros2_ws/install/thorvald_simulator:/home/atas/ros2_ws/install/thorvald_gazebo_plugins:/home/atas/ros2_ws/install/thorvald_example_robots:/home/atas/ros2_ws/install/thorvald:/home/atas/ros2_ws/install/thorvald_bringup:/home/atas/ros2_ws/install/thorvald_base:/home/atas/ros2_ws/install/thorvald_utilities:/home/atas/ros2_ws/install/thorvald_teleop:/home/atas/ros2_ws/install/thorvald_navigation2:/home/atas/ros2_ws/install/thorvald_msgs:/home/atas/ros2_ws/install/thorvald_description:/home/atas/ros2_ws/install/thorvald_can_devices:/home/atas/ros2_ws/install/tensorrt_common:/home/atas/ros2_ws/install/nmea_navsat_driver:/home/atas/ros2_ws/install/imrt_virtual_joy:/home/atas/ros2_ws/install/imrt_teleop:/opt/ros/humble:/home/atas/ros2_ws/install/serial:/home/atas/ros2_ws/install/sensor_drivers_bringup:/home/atas/ros2_ws/install/imu_tools:/home/atas/ros2_ws/install/rviz_imu_plugin:/home/atas/ros2_ws/install/robot_localization:/home/atas/ros2_ws/install/realsense_ros2_camera:/home/atas/ros2_ws/install/realsense_camera_msgs:/home/atas/ros2_ws/install/ouster_ros:/home/atas/ros2_ws/install/ouster_msgs:/home/atas/ros2_ws/install/ompl:/home/atas/ros2_ws/install/lio_sam:/home/atas/ros2_ws/install/kiss_icp:/home/atas/ros2_ws/install/imu_filter_madgwick:/home/atas/ros2_ws/install/imu_complementary_filter:/home/atas/ros2_ws/install/fast_gicp:/home/atas/ros2_ws/install/cuda_utils:/home/atas/ros2_ws/install/casadi:/home/atas/ros2_ws/install/bluespace_ai_xsens_mti_driver:/home/atas/ros2_ws/install/ACADO /usr/local/bin/cmake --build /home/atas/RESEARCH/traversablity_estimation_net/build/traversablity_estimation_net -- -j8 -l8[0m
[27.522s] [34mcolcon.colcon_core.environment[0m [1;30mLevel 1[0m create_environment_scripts_only(traversablity_estimation_net)
[27.586s] [34mcolcon.colcon_core.environment[0m [1;30mLevel 1[0m checking '/home/atas/RESEARCH/traversablity_estimation_net/install/traversablity_estimation_net' for CMake module files
[27.587s] [34mcolcon.colcon_core.environment[0m [1;30mLevel 1[0m checking '/home/atas/RESEARCH/traversablity_estimation_net/install/traversablity_estimation_net' for CMake config files
[27.587s] [34mcolcon.colcon_core.shell[0m [1;30mLevel 1[0m create_environment_hook('traversablity_estimation_net', 'cmake_prefix_path')
[27.635s] [34mcolcon.colcon_core.shell[0m [1;30mINFO[0m Creating environment hook '/home/atas/RESEARCH/traversablity_estimation_net/install/traversablity_estimation_net/share/traversablity_estimation_net/hook/cmake_prefix_path.ps1'
[27.636s] [34mcolcon.colcon_core.shell[0m [1;30mINFO[0m Creating environment descriptor '/home/atas/RESEARCH/traversablity_estimation_net/install/traversablity_estimation_net/share/traversablity_estimation_net/hook/cmake_prefix_path.dsv'
[27.637s] [34mcolcon.colcon_core.shell[0m [1;30mINFO[0m Creating environment hook '/home/atas/RESEARCH/traversablity_estimation_net/install/traversablity_estimation_net/share/traversablity_estimation_net/hook/cmake_prefix_path.sh'
[27.638s] [34mcolcon.colcon_core.environment[0m [1;30mLevel 1[0m checking '/home/atas/RESEARCH/traversablity_estimation_net/install/traversablity_estimation_net/lib'
[27.639s] [34mcolcon.colcon_core.environment[0m [1;30mLevel 1[0m checking '/home/atas/RESEARCH/traversablity_estimation_net/install/traversablity_estimation_net/bin'
[27.639s] [34mcolcon.colcon_core.environment[0m [1;30mLevel 1[0m checking '/home/atas/RESEARCH/traversablity_estimation_net/install/traversablity_estimation_net/lib/pkgconfig/traversablity_estimation_net.pc'
[27.639s] [34mcolcon.colcon_core.environment[0m [1;30mLevel 1[0m checking '/home/atas/RESEARCH/traversablity_estimation_net/install/traversablity_estimation_net/lib/python3.10/site-packages'
[27.640s] [34mcolcon.colcon_core.environment[0m [1;30mLevel 1[0m checking '/home/atas/RESEARCH/traversablity_estimation_net/install/traversablity_estimation_net/bin'
[27.714s] [34mcolcon.colcon_core.shell[0m [1;30mINFO[0m Creating package script '/home/atas/RESEARCH/traversablity_estimation_net/install/traversablity_estimation_net/share/traversablity_estimation_net/package.ps1'
[27.718s] [34mcolcon.colcon_core.shell[0m [1;30mINFO[0m Creating package descriptor '/home/atas/RESEARCH/traversablity_estimation_net/install/traversablity_estimation_net/share/traversablity_estimation_net/package.dsv'
[27.720s] [34mcolcon.colcon_core.shell[0m [1;30mINFO[0m Creating package script '/home/atas/RESEARCH/traversablity_estimation_net/install/traversablity_estimation_net/share/traversablity_estimation_net/package.sh'
[27.729s] [34mcolcon.colcon_core.shell[0m [1;30mINFO[0m Creating package script '/home/atas/RESEARCH/traversablity_estimation_net/install/traversablity_estimation_net/share/traversablity_estimation_net/package.bash'
[27.731s] [34mcolcon.colcon_core.shell[0m [1;30mINFO[0m Creating package script '/home/atas/RESEARCH/traversablity_estimation_net/install/traversablity_estimation_net/share/traversablity_estimation_net/package.zsh'
[27.733s] [34mcolcon.colcon_core.environment[0m [1;30mLevel 1[0m create_file_with_runtime_dependencies(/home/atas/RESEARCH/traversablity_estimation_net/install/traversablity_estimation_net/share/colcon-core/packages/traversablity_estimation_net)
[27.737s] [34mcolcon.colcon_parallel_executor.executor.parallel[0m [1;30mDEBUG[0m [32mclosing loop[0m
[27.738s] [34mcolcon.colcon_parallel_executor.executor.parallel[0m [1;30mDEBUG[0m [32mloop closed[0m
[27.739s] [34mcolcon.colcon_parallel_executor.executor.parallel[0m [1;30mDEBUG[0m [32mrun_until_complete finished with '2'[0m
[27.740s] [34mcolcon.colcon_core.event_reactor[0m [1;30mDEBUG[0m [32mjoining thread[0m
[27.858s] [34mcolcon.colcon_core.plugin_system[0m [1;30mINFO[0m Skipping extension 'colcon_notification.desktop_notification.terminal_notifier': Not used on non-Darwin systems
[27.859s] [34mcolcon.colcon_core.plugin_system[0m [1;30mINFO[0m Skipping extension 'colcon_notification.desktop_notification.win32': Not used on non-Windows systems
[27.859s] [34mcolcon.colcon_notification.desktop_notification[0m [1;30mINFO[0m Sending desktop notification using 'notify2'
[27.891s] [34mcolcon.colcon_core.event_reactor[0m [1;30mDEBUG[0m [32mjoined thread[0m
[27.951s] [34mcolcon.colcon_core.shell[0m [1;30mINFO[0m Creating prefix script '/home/atas/RESEARCH/traversablity_estimation_net/install/local_setup.ps1'
[27.953s] [34mcolcon.colcon_core.shell[0m [1;30mINFO[0m Creating prefix util module '/home/atas/RESEARCH/traversablity_estimation_net/install/_local_setup_util_ps1.py'
[27.956s] [34mcolcon.colcon_core.shell[0m [1;30mINFO[0m Creating prefix chain script '/home/atas/RESEARCH/traversablity_estimation_net/install/setup.ps1'
[28.008s] [34mcolcon.colcon_core.shell[0m [1;30mINFO[0m Creating prefix script '/home/atas/RESEARCH/traversablity_estimation_net/install/local_setup.sh'
[28.009s] [34mcolcon.colcon_core.shell[0m [1;30mINFO[0m Creating prefix util module '/home/atas/RESEARCH/traversablity_estimation_net/install/_local_setup_util_sh.py'
[28.011s] [34mcolcon.colcon_core.shell[0m [1;30mINFO[0m Creating prefix chain script '/home/atas/RESEARCH/traversablity_estimation_net/install/setup.sh'
[28.089s] [34mcolcon.colcon_core.shell[0m [1;30mINFO[0m Creating prefix script '/home/atas/RESEARCH/traversablity_estimation_net/install/local_setup.bash'
[28.094s] [34mcolcon.colcon_core.shell[0m [1;30mINFO[0m Creating prefix chain script '/home/atas/RESEARCH/traversablity_estimation_net/install/setup.bash'
[28.173s] [34mcolcon.colcon_core.shell[0m [1;30mINFO[0m Creating prefix script '/home/atas/RESEARCH/traversablity_estimation_net/install/local_setup.zsh'
[28.174s] [34mcolcon.colcon_core.shell[0m [1;30mINFO[0m Creating prefix chain script '/home/atas/RESEARCH/traversablity_estimation_net/install/setup.zsh'
