In file included from [01m[K/opt/ros/humble/include/rclcpp/rclcpp/logging.hpp:24[m[K,
                 from [01m[K/opt/ros/humble/include/rclcpp/rclcpp/client.hpp:40[m[K,
                 from [01m[K/opt/ros/humble/include/rclcpp/rclcpp/callback_group.hpp:24[m[K,
                 from [01m[K/opt/ros/humble/include/rclcpp/rclcpp/any_executable.hpp:20[m[K,
                 from [01m[K/opt/ros/humble/include/rclcpp/rclcpp/memory_strategy.hpp:25[m[K,
                 from [01m[K/opt/ros/humble/include/rclcpp/rclcpp/memory_strategies.hpp:18[m[K,
                 from [01m[K/opt/ros/humble/include/rclcpp/rclcpp/executor_options.hpp:20[m[K,
                 from [01m[K/opt/ros/humble/include/rclcpp/rclcpp/executor.hpp:37[m[K,
                 from [01m[K/opt/ros/humble/include/rclcpp/rclcpp/executors/multi_threaded_executor.hpp:25[m[K,
                 from [01m[K/opt/ros/humble/include/rclcpp/rclcpp/executors.hpp:21[m[K,
                 from [01m[K/opt/ros/humble/include/rclcpp/rclcpp/rclcpp.hpp:155[m[K,
                 from [01m[K/home/atas/RESEARCH/traversablity_estimation_net/src/traversablity_smoother_node.cpp:15[m[K:
[01m[K/home/atas/RESEARCH/traversablity_estimation_net/src/traversablity_smoother_node.cpp:[m[K In member function ‘[01m[Kvoid vox_nav_misc::traversability_smoother::boxLidarCallback(const ConstSharedPtr&, const ConstSharedPtr&)[m[K’:
[01m[K/home/atas/RESEARCH/traversablity_estimation_net/src/traversablity_smoother_node.cpp:189:29:[m[K [01;35m[Kwarning: [m[Kformat ‘[01m[K%d[m[K’ expects argument of type ‘[01m[Kint[m[K’, but argument 5 has type ‘[01m[Kstd::vector<vision_msgs::msg::Detection3D_<std::allocator<void> >, std::allocator<vision_msgs::msg::Detection3D_<std::allocator<void> > > >::size_type[m[K’ {aka ‘[01m[Klong unsigned int[m[K’} [[01;35m[K]8;;https://gcc.gnu.org/onlinedocs/gcc/Warning-Options.html#index-Wformat=-Wformat=]8;;[m[K]
  189 |   RCLCPP_INFO(get_logger(), [01;35m[K"Number of boxes: %d"[m[K, [32m[Kboxes->detections.size()[m[K);
      |                             [01;35m[K^~~~~~~~~~~~~~~~~~~~~[m[K  [32m[K~~~~~~~~~~~~~~~~~~~~~~~~[m[K
      |                                                                          [32m[K|[m[K
      |                                                                          [32m[Kstd::vector<vision_msgs::msg::Detection3D_<std::allocator<void> >, std::allocator<vision_msgs::msg::Detection3D_<std::allocator<void> > > >::size_type {aka long unsigned int}[m[K
[01m[K/home/atas/RESEARCH/traversablity_estimation_net/src/traversablity_smoother_node.cpp:189:48:[m[K [01;36m[Knote: [m[Kformat string is defined here
  189 |   RCLCPP_INFO(get_logger(), "Number of boxes: [01;36m[K%d[m[K", boxes->detections.size());
      |                                               [01;36m[K~^[m[K
      |                                                [01;36m[K|[m[K
      |                                                [01;36m[Kint[m[K
      |                                               [32m[K%ld[m[K
