[100%] Built target traversablity_smoother_node
-- Install configuration: ""
-- Up-to-date: /home/atas/RESEARCH/traversablity_estimation_net/install/traversablity_estimation_net/lib/traversablity_estimation_net/traversablity_smoother_node
-- Up-to-date: /home/atas/RESEARCH/traversablity_estimation_net/install/traversablity_estimation_net/share/traversablity_estimation_net/launch
-- Installing: /home/atas/RESEARCH/traversablity_estimation_net/install/traversablity_estimation_net/share/traversablity_estimation_net/launch/traversablity_smoother_node.launch.py
-- Up-to-date: /home/atas/RESEARCH/traversablity_estimation_net/install/traversablity_estimation_net/share/ament_index/resource_index/package_run_dependencies/traversablity_estimation_net
-- Up-to-date: /home/atas/RESEARCH/traversablity_estimation_net/install/traversablity_estimation_net/share/ament_index/resource_index/parent_prefix_path/traversablity_estimation_net
-- Up-to-date: /home/atas/RESEARCH/traversablity_estimation_net/install/traversablity_estimation_net/share/traversablity_estimation_net/environment/ament_prefix_path.sh
-- Up-to-date: /home/atas/RESEARCH/traversablity_estimation_net/install/traversablity_estimation_net/share/traversablity_estimation_net/environment/ament_prefix_path.dsv
-- Up-to-date: /home/atas/RESEARCH/traversablity_estimation_net/install/traversablity_estimation_net/share/traversablity_estimation_net/environment/path.sh
-- Up-to-date: /home/atas/RESEARCH/traversablity_estimation_net/install/traversablity_estimation_net/share/traversablity_estimation_net/environment/path.dsv
-- Up-to-date: /home/atas/RESEARCH/traversablity_estimation_net/install/traversablity_estimation_net/share/traversablity_estimation_net/local_setup.bash
-- Up-to-date: /home/atas/RESEARCH/traversablity_estimation_net/install/traversablity_estimation_net/share/traversablity_estimation_net/local_setup.sh
-- Up-to-date: /home/atas/RESEARCH/traversablity_estimation_net/install/traversablity_estimation_net/share/traversablity_estimation_net/local_setup.zsh
-- Up-to-date: /home/atas/RESEARCH/traversablity_estimation_net/install/traversablity_estimation_net/share/traversablity_estimation_net/local_setup.dsv
-- Installing: /home/atas/RESEARCH/traversablity_estimation_net/install/traversablity_estimation_net/share/traversablity_estimation_net/package.dsv
-- Up-to-date: /home/atas/RESEARCH/traversablity_estimation_net/install/traversablity_estimation_net/share/ament_index/resource_index/packages/traversablity_estimation_net
-- Up-to-date: /home/atas/RESEARCH/traversablity_estimation_net/install/traversablity_estimation_net/share/traversablity_estimation_net/cmake/ament_cmake_export_dependencies-extras.cmake
-- Up-to-date: /home/atas/RESEARCH/traversablity_estimation_net/install/traversablity_estimation_net/share/traversablity_estimation_net/cmake/traversablity_estimation_netConfig.cmake
-- Up-to-date: /home/atas/RESEARCH/traversablity_estimation_net/install/traversablity_estimation_net/share/traversablity_estimation_net/cmake/traversablity_estimation_netConfig-version.cmake
-- Up-to-date: /home/atas/RESEARCH/traversablity_estimation_net/install/traversablity_estimation_net/share/traversablity_estimation_net/package.xml
