[ 50%] [32mBuilding CXX object CMakeFiles/traversablity_smoother_node.dir/src/traversablity_smoother_node.cpp.o[0m
In file included from [01m[K/opt/ros/humble/include/rclcpp/rclcpp/logging.hpp:24[m[K,
                 from [01m[K/opt/ros/humble/include/rclcpp/rclcpp/client.hpp:40[m[K,
                 from [01m[K/opt/ros/humble/include/rclcpp/rclcpp/callback_group.hpp:24[m[K,
                 from [01m[K/opt/ros/humble/include/rclcpp/rclcpp/any_executable.hpp:20[m[K,
                 from [01m[K/opt/ros/humble/include/rclcpp/rclcpp/memory_strategy.hpp:25[m[K,
                 from [01m[K/opt/ros/humble/include/rclcpp/rclcpp/memory_strategies.hpp:18[m[K,
                 from [01m[K/opt/ros/humble/include/rclcpp/rclcpp/executor_options.hpp:20[m[K,
                 from [01m[K/opt/ros/humble/include/rclcpp/rclcpp/executor.hpp:37[m[K,
                 from [01m[K/opt/ros/humble/include/rclcpp/rclcpp/executors/multi_threaded_executor.hpp:25[m[K,
                 from [01m[K/opt/ros/humble/include/rclcpp/rclcpp/executors.hpp:21[m[K,
                 from [01m[K/opt/ros/humble/include/rclcpp/rclcpp/rclcpp.hpp:155[m[K,
                 from [01m[K/home/atas/RESEARCH/traversablity_estimation_net/src/traversablity_smoother_node.cpp:15[m[K:
[01m[K/home/atas/RESEARCH/traversablity_estimation_net/src/traversablity_smoother_node.cpp:[m[K In member function ‘[01m[Kvoid vox_nav_misc::traversability_smoother::boxLidarCallback(const ConstSharedPtr&, const ConstSharedPtr&)[m[K’:
[01m[K/home/atas/RESEARCH/traversablity_estimation_net/src/traversablity_smoother_node.cpp:189:29:[m[K [01;35m[Kwarning: [m[Kformat ‘[01m[K%d[m[K’ expects argument of type ‘[01m[Kint[m[K’, but argument 5 has type ‘[01m[Kstd::vector<vision_msgs::msg::Detection3D_<std::allocator<void> >, std::allocator<vision_msgs::msg::Detection3D_<std::allocator<void> > > >::size_type[m[K’ {aka ‘[01m[Klong unsigned int[m[K’} [[01;35m[K]8;;https://gcc.gnu.org/onlinedocs/gcc/Warning-Options.html#index-Wformat=-Wformat=]8;;[m[K]
  189 |   RCLCPP_INFO(get_logger(), [01;35m[K"Number of boxes: %d"[m[K, [32m[Kboxes->detections.size()[m[K);
      |                             [01;35m[K^~~~~~~~~~~~~~~~~~~~~[m[K  [32m[K~~~~~~~~~~~~~~~~~~~~~~~~[m[K
      |                                                                          [32m[K|[m[K
      |                                                                          [32m[Kstd::vector<vision_msgs::msg::Detection3D_<std::allocator<void> >, std::allocator<vision_msgs::msg::Detection3D_<std::allocator<void> > > >::size_type {aka long unsigned int}[m[K
[01m[K/home/atas/RESEARCH/traversablity_estimation_net/src/traversablity_smoother_node.cpp:189:48:[m[K [01;36m[Knote: [m[Kformat string is defined here
  189 |   RCLCPP_INFO(get_logger(), "Number of boxes: [01;36m[K%d[m[K", boxes->detections.size());
      |                                               [01;36m[K~^[m[K
      |                                                [01;36m[K|[m[K
      |                                                [01;36m[Kint[m[K
      |                                               [32m[K%ld[m[K
[01m[K/home/atas/RESEARCH/traversablity_estimation_net/src/traversablity_smoother_node.cpp:222:35:[m[K [01;31m[Kerror: [m[Kcannot convert ‘[01m[Kpcl::PointCloud<pcl::PointXYZRGB>::Ptr[m[K’ {aka ‘[01m[Kstd::shared_ptr<pcl::PointCloud<pcl::PointXYZRGB> >[m[K’} to ‘[01m[Kconst PointCloudConstPtr&[m[K’ {aka ‘[01m[Kconst std::shared_ptr<const pcl::PointCloud<pcl::PointXYZI> >&[m[K’}
  222 |     crop_box_filter.setInputCloud([01;31m[Kpcl_cloud[m[K);
      |                                   [01;31m[K^~~~~~~~~[m[K
      |                                   [01;31m[K|[m[K
      |                                   [01;31m[Kpcl::PointCloud<pcl::PointXYZRGB>::Ptr {aka std::shared_ptr<pcl::PointCloud<pcl::PointXYZRGB> >}[m[K
In file included from [01m[K/usr/include/pcl-1.12/pcl/correspondence.h:45[m[K,
                 from [01m[K/usr/include/pcl-1.12/pcl/cloud_iterator.h:43[m[K,
                 from [01m[K/usr/include/pcl-1.12/pcl/common/centroid.h:46[m[K,
                 from [01m[K/usr/include/pcl-1.12/pcl/common/transforms.h:44[m[K,
                 from [01m[K/opt/ros/humble/include/pcl_ros/transforms.hpp:40[m[K,
                 from [01m[K/home/atas/RESEARCH/traversablity_estimation_net/src/traversablity_smoother_node.cpp:34[m[K:
[01m[K/usr/include/pcl-1.12/pcl/pcl_base.h:92:48:[m[K [01;36m[Knote: [m[K  initializing argument 1 of ‘[01m[Kvoid pcl::PCLBase<PointT>::setInputCloud(const PointCloudConstPtr&) [with PointT = pcl::PointXYZI; pcl::PCLBase<PointT>::PointCloudConstPtr = std::shared_ptr<const pcl::PointCloud<pcl::PointXYZI> >][m[K’
   92 |       setInputCloud ([01;36m[Kconst PointCloudConstPtr &cloud[m[K);
      |                      [01;36m[K~~~~~~~~~~~~~~~~~~~~~~~~~~^~~~~[m[K
gmake[2]: *** [CMakeFiles/traversablity_smoother_node.dir/build.make:76: CMakeFiles/traversablity_smoother_node.dir/src/traversablity_smoother_node.cpp.o] Error 1
gmake[1]: *** [CMakeFiles/Makefile2:137: CMakeFiles/traversablity_smoother_node.dir/all] Error 2
gmake: *** [Makefile:146: all] Error 2
