[3.687s] [34mcolcon[0m [1;30mDEBUG[0m [32mCommand line arguments: ['/usr/bin/colcon', 'build', '--symlink-install', '--cmake-args', '-DCMAKE_BUILD_TYPE=Release'][0m
[3.688s] [34mcolcon[0m [1;30mDEBUG[0m [32mParsed command line arguments: Namespace(log_base=None, log_level=None, verb_name='build', build_base='build', install_base='install', merge_install=False, symlink_install=True, test_result_base=None, continue_on_error=False, executor='parallel', parallel_workers=8, event_handlers=None, ignore_user_meta=False, metas=['./colcon.meta'], base_paths=['.'], packages_ignore=None, packages_ignore_regex=None, paths=None, packages_up_to=None, packages_up_to_regex=None, packages_above=None, packages_above_and_dependencies=None, packages_above_depth=None, packages_select_by_dep=None, packages_skip_by_dep=None, packages_skip_up_to=None, packages_select_build_failed=False, packages_skip_build_finished=False, packages_select_test_failures=False, packages_skip_test_passed=False, packages_select=None, packages_skip=None, packages_select_regex=None, packages_skip_regex=None, packages_start=None, packages_end=None, allow_overriding=[], cmake_args=['-DCMAKE_BUILD_TYPE=Release'], cmake_target=None, cmake_target_skip_unavailable=False, cmake_clean_cache=False, cmake_clean_first=False, cmake_force_configure=False, ament_cmake_args=None, catkin_cmake_args=None, catkin_skip_building_tests=False, mixin_files=None, mixin=None, verb_parser=<colcon_mixin.mixin.mixin_argument.MixinArgumentDecorator object at 0x7fb67b4ce3e0>, verb_extension=<colcon_core.verb.build.BuildVerb object at 0x7fb67b4cd2d0>, main=<bound method BuildVerb.main of <colcon_core.verb.build.BuildVerb object at 0x7fb67b4cd2d0>>, mixin_verb=('build',))[0m
[3.834s] [34mcolcon.colcon_core.package_discovery[0m [1;30mLevel 1[0m discover_packages(colcon_meta) check parameters
[3.834s] [34mcolcon.colcon_core.package_discovery[0m [1;30mLevel 1[0m discover_packages(recursive) check parameters
[3.834s] [34mcolcon.colcon_core.package_discovery[0m [1;30mLevel 1[0m discover_packages(ignore) check parameters
[3.834s] [34mcolcon.colcon_core.package_discovery[0m [1;30mLevel 1[0m discover_packages(path) check parameters
[3.834s] [34mcolcon.colcon_core.package_discovery[0m [1;30mLevel 1[0m discover_packages(colcon_meta) discover
[3.834s] [34mcolcon.colcon_core.package_discovery[0m [1;30mLevel 1[0m discover_packages(recursive) discover
[3.834s] [34mcolcon.colcon_core.package_discovery[0m [1;30mINFO[0m Crawling recursively for packages in '/home/atas/RESEARCH/traversablity_estimation_net'
[3.834s] [34mcolcon.colcon_core.package_identification[0m [1;30mLevel 1[0m _identify(.) by extensions ['ignore', 'ignore_ament_install']
[3.834s] [34mcolcon.colcon_core.package_identification[0m [1;30mLevel 1[0m _identify(.) by extension 'ignore'
[3.834s] [34mcolcon.colcon_core.package_identification[0m [1;30mLevel 1[0m _identify(.) by extension 'ignore_ament_install'
[3.834s] [34mcolcon.colcon_core.package_identification[0m [1;30mLevel 1[0m _identify(.) by extensions ['colcon_pkg']
[3.834s] [34mcolcon.colcon_core.package_identification[0m [1;30mLevel 1[0m _identify(.) by extension 'colcon_pkg'
[3.835s] [34mcolcon.colcon_core.package_identification[0m [1;30mLevel 1[0m _identify(.) by extensions ['colcon_meta']
[3.835s] [34mcolcon.colcon_core.package_identification[0m [1;30mLevel 1[0m _identify(.) by extension 'colcon_meta'
[3.835s] [34mcolcon.colcon_core.package_identification[0m [1;30mLevel 1[0m _identify(.) by extensions ['ros']
[3.835s] [34mcolcon.colcon_core.package_identification[0m [1;30mLevel 1[0m _identify(.) by extension 'ros'
[3.859s] [34mcolcon.colcon_core.package_identification[0m [1;30mDEBUG[0m [32mPackage '.' with type 'ros.ament_cmake' and name 'traversablity_estimation_net'[0m
[3.859s] [34mcolcon.colcon_core.package_discovery[0m [1;30mLevel 1[0m discover_packages(recursive) using defaults
[3.859s] [34mcolcon.colcon_core.package_discovery[0m [1;30mLevel 1[0m discover_packages(ignore) discover
[3.859s] [34mcolcon.colcon_core.package_discovery[0m [1;30mLevel 1[0m discover_packages(ignore) using defaults
[3.859s] [34mcolcon.colcon_core.package_discovery[0m [1;30mLevel 1[0m discover_packages(path) discover
[3.859s] [34mcolcon.colcon_core.package_discovery[0m [1;30mLevel 1[0m discover_packages(path) using defaults
[4.099s] [34mcolcon.colcon_core.package_discovery[0m [1;30mLevel 1[0m discover_packages(prefix_path) check parameters
[4.099s] [34mcolcon.colcon_core.package_discovery[0m [1;30mLevel 1[0m discover_packages(prefix_path) discover
[4.185s] [34mcolcon.colcon_installed_package_information.package_discovery[0m [1;30mDEBUG[0m [32mFound 1 installed packages in /home/atas/RESEARCH/traversablity_estimation_net/install[0m
[4.220s] [34mcolcon.colcon_installed_package_information.package_discovery[0m [1;30mDEBUG[0m [32mFound 53 installed packages in /home/atas/ros2_ws/install[0m
[4.255s] [34mcolcon.colcon_installed_package_information.package_discovery[0m [1;30mDEBUG[0m [32mFound 368 installed packages in /opt/ros/humble[0m
[4.260s] [34mcolcon.colcon_core.package_discovery[0m [1;30mLevel 1[0m discover_packages(prefix_path) using defaults
[4.573s] [34mcolcon.colcon_core.verb[0m [1;30mLevel 5[0m set package 'traversablity_estimation_net' build argument 'cmake_args' from command line to '['-DCMAKE_BUILD_TYPE=Release']'
[4.573s] [34mcolcon.colcon_core.verb[0m [1;30mLevel 5[0m set package 'traversablity_estimation_net' build argument 'cmake_target' from command line to 'None'
[4.573s] [34mcolcon.colcon_core.verb[0m [1;30mLevel 5[0m set package 'traversablity_estimation_net' build argument 'cmake_target_skip_unavailable' from command line to 'False'
[4.573s] [34mcolcon.colcon_core.verb[0m [1;30mLevel 5[0m set package 'traversablity_estimation_net' build argument 'cmake_clean_cache' from command line to 'False'
[4.574s] [34mcolcon.colcon_core.verb[0m [1;30mLevel 5[0m set package 'traversablity_estimation_net' build argument 'cmake_clean_first' from command line to 'False'
[4.574s] [34mcolcon.colcon_core.verb[0m [1;30mLevel 5[0m set package 'traversablity_estimation_net' build argument 'cmake_force_configure' from command line to 'False'
[4.574s] [34mcolcon.colcon_core.verb[0m [1;30mLevel 5[0m set package 'traversablity_estimation_net' build argument 'ament_cmake_args' from command line to 'None'
[4.574s] [34mcolcon.colcon_core.verb[0m [1;30mLevel 5[0m set package 'traversablity_estimation_net' build argument 'catkin_cmake_args' from command line to 'None'
[4.574s] [34mcolcon.colcon_core.verb[0m [1;30mLevel 5[0m set package 'traversablity_estimation_net' build argument 'catkin_skip_building_tests' from command line to 'False'
[4.574s] [34mcolcon.colcon_core.verb[0m [1;30mDEBUG[0m [32mBuilding package 'traversablity_estimation_net' with the following arguments: {'ament_cmake_args': None, 'build_base': '/home/atas/RESEARCH/traversablity_estimation_net/build/traversablity_estimation_net', 'catkin_cmake_args': None, 'catkin_skip_building_tests': False, 'cmake_args': ['-DCMAKE_BUILD_TYPE=Release'], 'cmake_clean_cache': False, 'cmake_clean_first': False, 'cmake_force_configure': False, 'cmake_target': None, 'cmake_target_skip_unavailable': False, 'install_base': '/home/atas/RESEARCH/traversablity_estimation_net/install/traversablity_estimation_net', 'merge_install': False, 'path': '/home/atas/RESEARCH/traversablity_estimation_net', 'symlink_install': True, 'test_result_base': None}[0m
[4.614s] [34mcolcon.colcon_core.executor[0m [1;30mINFO[0m Executing jobs using 'parallel' executor
[4.646s] [34mcolcon.colcon_parallel_executor.executor.parallel[0m [1;30mDEBUG[0m [32mrun_until_complete[0m
[4.647s] [34mcolcon.colcon_ros.task.ament_cmake.build[0m [1;30mINFO[0m Building ROS package in '/home/atas/RESEARCH/traversablity_estimation_net' with build type 'ament_cmake'
[4.647s] [34mcolcon.colcon_cmake.task.cmake.build[0m [1;30mINFO[0m Building CMake package in '/home/atas/RESEARCH/traversablity_estimation_net'
[4.691s] [34mcolcon.colcon_core.plugin_system[0m [1;30mINFO[0m Skipping extension 'colcon_core.shell.bat': Not used on non-Windows systems
[4.692s] [34mcolcon.colcon_core.shell[0m [1;30mINFO[0m Skip shell extension 'powershell' for command environment: Not usable outside of PowerShell
[4.692s] [34mcolcon.colcon_core.shell[0m [1;30mDEBUG[0m [32mSkip shell extension 'dsv' for command environment[0m
[4.913s] [34mcolcon.colcon_core.event_handler.log_command[0m [1;30mDEBUG[0m [32mInvoking command in '/home/atas/RESEARCH/traversablity_estimation_net/build/traversablity_estimation_net': CMAKE_PREFIX_PATH=/home/atas/RESEARCH/traversablity_estimation_net/install/traversablity_estimation_net:/home/atas/ros2_ws/install/vox_nav_waypoint_nav_clients:/home/atas/ros2_ws/install/thorvald_vox_nav:/home/atas/ros2_ws/install/robotnik_vox_nav:/home/atas/ros2_ws/install/vox_nav_bringup:/home/atas/ros2_ws/install/vox_nav_planning:/home/atas/ros2_ws/install/vox_nav_navigators:/home/atas/ros2_ws/install/vox_nav_misc:/home/atas/ros2_ws/install/vox_nav_map_server:/home/atas/ros2_ws/install/vox_nav_control:/home/atas/ros2_ws/install/thorvald_gui:/home/atas/ros2_ws/install/vox_nav_utilities:/home/atas/ros2_ws/install/robot_centric_slam:/home/atas/ros2_ws/install/vox_nav_slam_msgs:/home/atas/ros2_ws/install/lidar_apollo_instance_segmentation:/home/atas/ros2_ws/install/vox_nav_msgs:/home/atas/ros2_ws/install/vdb_mapping_ros2:/home/atas/ros2_ws/install/vdb_mapping_interfaces:/home/atas/ros2_ws/install/vdb_mapping:/home/atas/ros2_ws/install/thorvald_simulator:/home/atas/ros2_ws/install/thorvald_gazebo_plugins:/home/atas/ros2_ws/install/thorvald_example_robots:/home/atas/ros2_ws/install/thorvald:/home/atas/ros2_ws/install/thorvald_bringup:/home/atas/ros2_ws/install/thorvald_base:/home/atas/ros2_ws/install/thorvald_utilities:/home/atas/ros2_ws/install/thorvald_teleop:/home/atas/ros2_ws/install/thorvald_navigation2:/home/atas/ros2_ws/install/thorvald_msgs:/home/atas/ros2_ws/install/thorvald_description:/home/atas/ros2_ws/install/thorvald_can_devices:/home/atas/ros2_ws/install/tensorrt_common:/home/atas/ros2_ws/install/nmea_navsat_driver:/home/atas/ros2_ws/install/imrt_virtual_joy:/home/atas/ros2_ws/install/imrt_teleop:/opt/ros/humble:/home/atas/ros2_ws/install/serial:/home/atas/ros2_ws/install/sensor_drivers_bringup:/home/atas/ros2_ws/install/imu_tools:/home/atas/ros2_ws/install/rviz_imu_plugin:/home/atas/ros2_ws/install/robot_localization:/home/atas/ros2_ws/install/realsense_ros2_camera:/home/atas/ros2_ws/install/realsense_camera_msgs:/home/atas/ros2_ws/install/ouster_ros:/home/atas/ros2_ws/install/ouster_msgs:/home/atas/ros2_ws/install/ompl:/home/atas/ros2_ws/install/lio_sam:/home/atas/ros2_ws/install/kiss_icp:/home/atas/ros2_ws/install/imu_filter_madgwick:/home/atas/ros2_ws/install/imu_complementary_filter:/home/atas/ros2_ws/install/fast_gicp:/home/atas/ros2_ws/install/cuda_utils:/home/atas/ros2_ws/install/casadi:/home/atas/ros2_ws/install/bluespace_ai_xsens_mti_driver:/home/atas/ros2_ws/install/ACADO /usr/local/bin/cmake --build /home/atas/RESEARCH/traversablity_estimation_net/build/traversablity_estimation_net -- -j8 -l8[0m
[45.225s] [34mcolcon.colcon_core.event_handler.log_command[0m [1;30mDEBUG[0m [32mInvoked command in '/home/atas/RESEARCH/traversablity_estimation_net/build/traversablity_estimation_net' returned '0': CMAKE_PREFIX_PATH=/home/atas/RESEARCH/traversablity_estimation_net/install/traversablity_estimation_net:/home/atas/ros2_ws/install/vox_nav_waypoint_nav_clients:/home/atas/ros2_ws/install/thorvald_vox_nav:/home/atas/ros2_ws/install/robotnik_vox_nav:/home/atas/ros2_ws/install/vox_nav_bringup:/home/atas/ros2_ws/install/vox_nav_planning:/home/atas/ros2_ws/install/vox_nav_navigators:/home/atas/ros2_ws/install/vox_nav_misc:/home/atas/ros2_ws/install/vox_nav_map_server:/home/atas/ros2_ws/install/vox_nav_control:/home/atas/ros2_ws/install/thorvald_gui:/home/atas/ros2_ws/install/vox_nav_utilities:/home/atas/ros2_ws/install/robot_centric_slam:/home/atas/ros2_ws/install/vox_nav_slam_msgs:/home/atas/ros2_ws/install/lidar_apollo_instance_segmentation:/home/atas/ros2_ws/install/vox_nav_msgs:/home/atas/ros2_ws/install/vdb_mapping_ros2:/home/atas/ros2_ws/install/vdb_mapping_interfaces:/home/atas/ros2_ws/install/vdb_mapping:/home/atas/ros2_ws/install/thorvald_simulator:/home/atas/ros2_ws/install/thorvald_gazebo_plugins:/home/atas/ros2_ws/install/thorvald_example_robots:/home/atas/ros2_ws/install/thorvald:/home/atas/ros2_ws/install/thorvald_bringup:/home/atas/ros2_ws/install/thorvald_base:/home/atas/ros2_ws/install/thorvald_utilities:/home/atas/ros2_ws/install/thorvald_teleop:/home/atas/ros2_ws/install/thorvald_navigation2:/home/atas/ros2_ws/install/thorvald_msgs:/home/atas/ros2_ws/install/thorvald_description:/home/atas/ros2_ws/install/thorvald_can_devices:/home/atas/ros2_ws/install/tensorrt_common:/home/atas/ros2_ws/install/nmea_navsat_driver:/home/atas/ros2_ws/install/imrt_virtual_joy:/home/atas/ros2_ws/install/imrt_teleop:/opt/ros/humble:/home/atas/ros2_ws/install/serial:/home/atas/ros2_ws/install/sensor_drivers_bringup:/home/atas/ros2_ws/install/imu_tools:/home/atas/ros2_ws/install/rviz_imu_plugin:/home/atas/ros2_ws/install/robot_localization:/home/atas/ros2_ws/install/realsense_ros2_camera:/home/atas/ros2_ws/install/realsense_camera_msgs:/home/atas/ros2_ws/install/ouster_ros:/home/atas/ros2_ws/install/ouster_msgs:/home/atas/ros2_ws/install/ompl:/home/atas/ros2_ws/install/lio_sam:/home/atas/ros2_ws/install/kiss_icp:/home/atas/ros2_ws/install/imu_filter_madgwick:/home/atas/ros2_ws/install/imu_complementary_filter:/home/atas/ros2_ws/install/fast_gicp:/home/atas/ros2_ws/install/cuda_utils:/home/atas/ros2_ws/install/casadi:/home/atas/ros2_ws/install/bluespace_ai_xsens_mti_driver:/home/atas/ros2_ws/install/ACADO /usr/local/bin/cmake --build /home/atas/RESEARCH/traversablity_estimation_net/build/traversablity_estimation_net -- -j8 -l8[0m
[45.387s] [34mcolcon.colcon_core.event_handler.log_command[0m [1;30mDEBUG[0m [32mInvoking command in '/home/atas/RESEARCH/traversablity_estimation_net/build/traversablity_estimation_net': CMAKE_PREFIX_PATH=/home/atas/RESEARCH/traversablity_estimation_net/install/traversablity_estimation_net:/home/atas/ros2_ws/install/vox_nav_waypoint_nav_clients:/home/atas/ros2_ws/install/thorvald_vox_nav:/home/atas/ros2_ws/install/robotnik_vox_nav:/home/atas/ros2_ws/install/vox_nav_bringup:/home/atas/ros2_ws/install/vox_nav_planning:/home/atas/ros2_ws/install/vox_nav_navigators:/home/atas/ros2_ws/install/vox_nav_misc:/home/atas/ros2_ws/install/vox_nav_map_server:/home/atas/ros2_ws/install/vox_nav_control:/home/atas/ros2_ws/install/thorvald_gui:/home/atas/ros2_ws/install/vox_nav_utilities:/home/atas/ros2_ws/install/robot_centric_slam:/home/atas/ros2_ws/install/vox_nav_slam_msgs:/home/atas/ros2_ws/install/lidar_apollo_instance_segmentation:/home/atas/ros2_ws/install/vox_nav_msgs:/home/atas/ros2_ws/install/vdb_mapping_ros2:/home/atas/ros2_ws/install/vdb_mapping_interfaces:/home/atas/ros2_ws/install/vdb_mapping:/home/atas/ros2_ws/install/thorvald_simulator:/home/atas/ros2_ws/install/thorvald_gazebo_plugins:/home/atas/ros2_ws/install/thorvald_example_robots:/home/atas/ros2_ws/install/thorvald:/home/atas/ros2_ws/install/thorvald_bringup:/home/atas/ros2_ws/install/thorvald_base:/home/atas/ros2_ws/install/thorvald_utilities:/home/atas/ros2_ws/install/thorvald_teleop:/home/atas/ros2_ws/install/thorvald_navigation2:/home/atas/ros2_ws/install/thorvald_msgs:/home/atas/ros2_ws/install/thorvald_description:/home/atas/ros2_ws/install/thorvald_can_devices:/home/atas/ros2_ws/install/tensorrt_common:/home/atas/ros2_ws/install/nmea_navsat_driver:/home/atas/ros2_ws/install/imrt_virtual_joy:/home/atas/ros2_ws/install/imrt_teleop:/opt/ros/humble:/home/atas/ros2_ws/install/serial:/home/atas/ros2_ws/install/sensor_drivers_bringup:/home/atas/ros2_ws/install/imu_tools:/home/atas/ros2_ws/install/rviz_imu_plugin:/home/atas/ros2_ws/install/robot_localization:/home/atas/ros2_ws/install/realsense_ros2_camera:/home/atas/ros2_ws/install/realsense_camera_msgs:/home/atas/ros2_ws/install/ouster_ros:/home/atas/ros2_ws/install/ouster_msgs:/home/atas/ros2_ws/install/ompl:/home/atas/ros2_ws/install/lio_sam:/home/atas/ros2_ws/install/kiss_icp:/home/atas/ros2_ws/install/imu_filter_madgwick:/home/atas/ros2_ws/install/imu_complementary_filter:/home/atas/ros2_ws/install/fast_gicp:/home/atas/ros2_ws/install/cuda_utils:/home/atas/ros2_ws/install/casadi:/home/atas/ros2_ws/install/bluespace_ai_xsens_mti_driver:/home/atas/ros2_ws/install/ACADO /usr/local/bin/cmake --install /home/atas/RESEARCH/traversablity_estimation_net/build/traversablity_estimation_net[0m
[45.470s] [34mcolcon.colcon_core.environment[0m [1;30mLevel 1[0m create_environment_scripts_only(traversablity_estimation_net)
[45.472s] [34mcolcon.colcon_core.event_handler.log_command[0m [1;30mDEBUG[0m [32mInvoked command in '/home/atas/RESEARCH/traversablity_estimation_net/build/traversablity_estimation_net' returned '0': CMAKE_PREFIX_PATH=/home/atas/RESEARCH/traversablity_estimation_net/install/traversablity_estimation_net:/home/atas/ros2_ws/install/vox_nav_waypoint_nav_clients:/home/atas/ros2_ws/install/thorvald_vox_nav:/home/atas/ros2_ws/install/robotnik_vox_nav:/home/atas/ros2_ws/install/vox_nav_bringup:/home/atas/ros2_ws/install/vox_nav_planning:/home/atas/ros2_ws/install/vox_nav_navigators:/home/atas/ros2_ws/install/vox_nav_misc:/home/atas/ros2_ws/install/vox_nav_map_server:/home/atas/ros2_ws/install/vox_nav_control:/home/atas/ros2_ws/install/thorvald_gui:/home/atas/ros2_ws/install/vox_nav_utilities:/home/atas/ros2_ws/install/robot_centric_slam:/home/atas/ros2_ws/install/vox_nav_slam_msgs:/home/atas/ros2_ws/install/lidar_apollo_instance_segmentation:/home/atas/ros2_ws/install/vox_nav_msgs:/home/atas/ros2_ws/install/vdb_mapping_ros2:/home/atas/ros2_ws/install/vdb_mapping_interfaces:/home/atas/ros2_ws/install/vdb_mapping:/home/atas/ros2_ws/install/thorvald_simulator:/home/atas/ros2_ws/install/thorvald_gazebo_plugins:/home/atas/ros2_ws/install/thorvald_example_robots:/home/atas/ros2_ws/install/thorvald:/home/atas/ros2_ws/install/thorvald_bringup:/home/atas/ros2_ws/install/thorvald_base:/home/atas/ros2_ws/install/thorvald_utilities:/home/atas/ros2_ws/install/thorvald_teleop:/home/atas/ros2_ws/install/thorvald_navigation2:/home/atas/ros2_ws/install/thorvald_msgs:/home/atas/ros2_ws/install/thorvald_description:/home/atas/ros2_ws/install/thorvald_can_devices:/home/atas/ros2_ws/install/tensorrt_common:/home/atas/ros2_ws/install/nmea_navsat_driver:/home/atas/ros2_ws/install/imrt_virtual_joy:/home/atas/ros2_ws/install/imrt_teleop:/opt/ros/humble:/home/atas/ros2_ws/install/serial:/home/atas/ros2_ws/install/sensor_drivers_bringup:/home/atas/ros2_ws/install/imu_tools:/home/atas/ros2_ws/install/rviz_imu_plugin:/home/atas/ros2_ws/install/robot_localization:/home/atas/ros2_ws/install/realsense_ros2_camera:/home/atas/ros2_ws/install/realsense_camera_msgs:/home/atas/ros2_ws/install/ouster_ros:/home/atas/ros2_ws/install/ouster_msgs:/home/atas/ros2_ws/install/ompl:/home/atas/ros2_ws/install/lio_sam:/home/atas/ros2_ws/install/kiss_icp:/home/atas/ros2_ws/install/imu_filter_madgwick:/home/atas/ros2_ws/install/imu_complementary_filter:/home/atas/ros2_ws/install/fast_gicp:/home/atas/ros2_ws/install/cuda_utils:/home/atas/ros2_ws/install/casadi:/home/atas/ros2_ws/install/bluespace_ai_xsens_mti_driver:/home/atas/ros2_ws/install/ACADO /usr/local/bin/cmake --install /home/atas/RESEARCH/traversablity_estimation_net/build/traversablity_estimation_net[0m
[45.514s] [34mcolcon.colcon_core.environment[0m [1;30mLevel 1[0m checking '/home/atas/RESEARCH/traversablity_estimation_net/install/traversablity_estimation_net' for CMake module files
[45.514s] [34mcolcon.colcon_core.environment[0m [1;30mLevel 1[0m checking '/home/atas/RESEARCH/traversablity_estimation_net/install/traversablity_estimation_net' for CMake config files
[45.515s] [34mcolcon.colcon_core.shell[0m [1;30mLevel 1[0m create_environment_hook('traversablity_estimation_net', 'cmake_prefix_path')
[45.551s] [34mcolcon.colcon_core.shell[0m [1;30mINFO[0m Creating environment hook '/home/atas/RESEARCH/traversablity_estimation_net/install/traversablity_estimation_net/share/traversablity_estimation_net/hook/cmake_prefix_path.ps1'
[45.553s] [34mcolcon.colcon_core.shell[0m [1;30mINFO[0m Creating environment descriptor '/home/atas/RESEARCH/traversablity_estimation_net/install/traversablity_estimation_net/share/traversablity_estimation_net/hook/cmake_prefix_path.dsv'
[45.554s] [34mcolcon.colcon_core.shell[0m [1;30mINFO[0m Creating environment hook '/home/atas/RESEARCH/traversablity_estimation_net/install/traversablity_estimation_net/share/traversablity_estimation_net/hook/cmake_prefix_path.sh'
[45.555s] [34mcolcon.colcon_core.environment[0m [1;30mLevel 1[0m checking '/home/atas/RESEARCH/traversablity_estimation_net/install/traversablity_estimation_net/lib'
[45.555s] [34mcolcon.colcon_core.environment[0m [1;30mLevel 1[0m checking '/home/atas/RESEARCH/traversablity_estimation_net/install/traversablity_estimation_net/bin'
[45.555s] [34mcolcon.colcon_core.environment[0m [1;30mLevel 1[0m checking '/home/atas/RESEARCH/traversablity_estimation_net/install/traversablity_estimation_net/lib/pkgconfig/traversablity_estimation_net.pc'
[45.556s] [34mcolcon.colcon_core.environment[0m [1;30mLevel 1[0m checking '/home/atas/RESEARCH/traversablity_estimation_net/install/traversablity_estimation_net/lib/python3.10/site-packages'
[45.556s] [34mcolcon.colcon_core.environment[0m [1;30mLevel 1[0m checking '/home/atas/RESEARCH/traversablity_estimation_net/install/traversablity_estimation_net/bin'
[45.606s] [34mcolcon.colcon_core.shell[0m [1;30mINFO[0m Creating package script '/home/atas/RESEARCH/traversablity_estimation_net/install/traversablity_estimation_net/share/traversablity_estimation_net/package.ps1'
[45.607s] [34mcolcon.colcon_core.shell[0m [1;30mINFO[0m Creating package descriptor '/home/atas/RESEARCH/traversablity_estimation_net/install/traversablity_estimation_net/share/traversablity_estimation_net/package.dsv'
[45.607s] [34mcolcon.colcon_core.shell[0m [1;30mINFO[0m Creating package script '/home/atas/RESEARCH/traversablity_estimation_net/install/traversablity_estimation_net/share/traversablity_estimation_net/package.sh'
[45.608s] [34mcolcon.colcon_core.shell[0m [1;30mINFO[0m Creating package script '/home/atas/RESEARCH/traversablity_estimation_net/install/traversablity_estimation_net/share/traversablity_estimation_net/package.bash'
[45.610s] [34mcolcon.colcon_core.shell[0m [1;30mINFO[0m Creating package script '/home/atas/RESEARCH/traversablity_estimation_net/install/traversablity_estimation_net/share/traversablity_estimation_net/package.zsh'
[45.611s] [34mcolcon.colcon_core.environment[0m [1;30mLevel 1[0m create_file_with_runtime_dependencies(/home/atas/RESEARCH/traversablity_estimation_net/install/traversablity_estimation_net/share/colcon-core/packages/traversablity_estimation_net)
[45.823s] [34mcolcon.colcon_core.environment[0m [1;30mLevel 1[0m create_environment_scripts_only(traversablity_estimation_net)
[45.869s] [34mcolcon.colcon_core.environment[0m [1;30mLevel 1[0m checking '/home/atas/RESEARCH/traversablity_estimation_net/install/traversablity_estimation_net' for CMake module files
[45.870s] [34mcolcon.colcon_core.environment[0m [1;30mLevel 1[0m checking '/home/atas/RESEARCH/traversablity_estimation_net/install/traversablity_estimation_net' for CMake config files
[45.870s] [34mcolcon.colcon_core.shell[0m [1;30mLevel 1[0m create_environment_hook('traversablity_estimation_net', 'cmake_prefix_path')
[45.917s] [34mcolcon.colcon_core.shell[0m [1;30mINFO[0m Creating environment hook '/home/atas/RESEARCH/traversablity_estimation_net/install/traversablity_estimation_net/share/traversablity_estimation_net/hook/cmake_prefix_path.ps1'
[45.918s] [34mcolcon.colcon_core.shell[0m [1;30mINFO[0m Creating environment descriptor '/home/atas/RESEARCH/traversablity_estimation_net/install/traversablity_estimation_net/share/traversablity_estimation_net/hook/cmake_prefix_path.dsv'
[45.918s] [34mcolcon.colcon_core.shell[0m [1;30mINFO[0m Creating environment hook '/home/atas/RESEARCH/traversablity_estimation_net/install/traversablity_estimation_net/share/traversablity_estimation_net/hook/cmake_prefix_path.sh'
[45.919s] [34mcolcon.colcon_core.environment[0m [1;30mLevel 1[0m checking '/home/atas/RESEARCH/traversablity_estimation_net/install/traversablity_estimation_net/lib'
[45.919s] [34mcolcon.colcon_core.environment[0m [1;30mLevel 1[0m checking '/home/atas/RESEARCH/traversablity_estimation_net/install/traversablity_estimation_net/bin'
[45.919s] [34mcolcon.colcon_core.environment[0m [1;30mLevel 1[0m checking '/home/atas/RESEARCH/traversablity_estimation_net/install/traversablity_estimation_net/lib/pkgconfig/traversablity_estimation_net.pc'
[45.920s] [34mcolcon.colcon_core.environment[0m [1;30mLevel 1[0m checking '/home/atas/RESEARCH/traversablity_estimation_net/install/traversablity_estimation_net/lib/python3.10/site-packages'
[45.920s] [34mcolcon.colcon_core.environment[0m [1;30mLevel 1[0m checking '/home/atas/RESEARCH/traversablity_estimation_net/install/traversablity_estimation_net/bin'
[45.964s] [34mcolcon.colcon_core.shell[0m [1;30mINFO[0m Creating package script '/home/atas/RESEARCH/traversablity_estimation_net/install/traversablity_estimation_net/share/traversablity_estimation_net/package.ps1'
[45.964s] [34mcolcon.colcon_core.shell[0m [1;30mINFO[0m Creating package descriptor '/home/atas/RESEARCH/traversablity_estimation_net/install/traversablity_estimation_net/share/traversablity_estimation_net/package.dsv'
[45.965s] [34mcolcon.colcon_core.shell[0m [1;30mINFO[0m Creating package script '/home/atas/RESEARCH/traversablity_estimation_net/install/traversablity_estimation_net/share/traversablity_estimation_net/package.sh'
[45.965s] [34mcolcon.colcon_core.shell[0m [1;30mINFO[0m Creating package script '/home/atas/RESEARCH/traversablity_estimation_net/install/traversablity_estimation_net/share/traversablity_estimation_net/package.bash'
[45.966s] [34mcolcon.colcon_core.shell[0m [1;30mINFO[0m Creating package script '/home/atas/RESEARCH/traversablity_estimation_net/install/traversablity_estimation_net/share/traversablity_estimation_net/package.zsh'
[45.966s] [34mcolcon.colcon_core.environment[0m [1;30mLevel 1[0m create_file_with_runtime_dependencies(/home/atas/RESEARCH/traversablity_estimation_net/install/traversablity_estimation_net/share/colcon-core/packages/traversablity_estimation_net)
[45.967s] [34mcolcon.colcon_parallel_executor.executor.parallel[0m [1;30mDEBUG[0m [32mclosing loop[0m
[45.967s] [34mcolcon.colcon_parallel_executor.executor.parallel[0m [1;30mDEBUG[0m [32mloop closed[0m
[45.968s] [34mcolcon.colcon_parallel_executor.executor.parallel[0m [1;30mDEBUG[0m [32mrun_until_complete finished with '0'[0m
[45.968s] [34mcolcon.colcon_core.event_reactor[0m [1;30mDEBUG[0m [32mjoining thread[0m
[46.024s] [34mcolcon.colcon_core.plugin_system[0m [1;30mINFO[0m Skipping extension 'colcon_notification.desktop_notification.terminal_notifier': Not used on non-Darwin systems
[46.025s] [34mcolcon.colcon_core.plugin_system[0m [1;30mINFO[0m Skipping extension 'colcon_notification.desktop_notification.win32': Not used on non-Windows systems
[46.025s] [34mcolcon.colcon_notification.desktop_notification[0m [1;30mINFO[0m Sending desktop notification using 'notify2'
[46.047s] [34mcolcon.colcon_core.event_reactor[0m [1;30mDEBUG[0m [32mjoined thread[0m
[46.103s] [34mcolcon.colcon_core.shell[0m [1;30mINFO[0m Creating prefix script '/home/atas/RESEARCH/traversablity_estimation_net/install/local_setup.ps1'
[46.105s] [34mcolcon.colcon_core.shell[0m [1;30mINFO[0m Creating prefix util module '/home/atas/RESEARCH/traversablity_estimation_net/install/_local_setup_util_ps1.py'
[46.107s] [34mcolcon.colcon_core.shell[0m [1;30mINFO[0m Creating prefix chain script '/home/atas/RESEARCH/traversablity_estimation_net/install/setup.ps1'
[46.144s] [34mcolcon.colcon_core.shell[0m [1;30mINFO[0m Creating prefix script '/home/atas/RESEARCH/traversablity_estimation_net/install/local_setup.sh'
[46.144s] [34mcolcon.colcon_core.shell[0m [1;30mINFO[0m Creating prefix util module '/home/atas/RESEARCH/traversablity_estimation_net/install/_local_setup_util_sh.py'
[46.145s] [34mcolcon.colcon_core.shell[0m [1;30mINFO[0m Creating prefix chain script '/home/atas/RESEARCH/traversablity_estimation_net/install/setup.sh'
[46.183s] [34mcolcon.colcon_core.shell[0m [1;30mINFO[0m Creating prefix script '/home/atas/RESEARCH/traversablity_estimation_net/install/local_setup.bash'
[46.184s] [34mcolcon.colcon_core.shell[0m [1;30mINFO[0m Creating prefix chain script '/home/atas/RESEARCH/traversablity_estimation_net/install/setup.bash'
[46.230s] [34mcolcon.colcon_core.shell[0m [1;30mINFO[0m Creating prefix script '/home/atas/RESEARCH/traversablity_estimation_net/install/local_setup.zsh'
[46.231s] [34mcolcon.colcon_core.shell[0m [1;30mINFO[0m Creating prefix chain script '/home/atas/RESEARCH/traversablity_estimation_net/install/setup.zsh'
