[0.169s] Invoking command in '/home/atas/RESEARCH/traversablity_estimation_net/build/traversablity_estimation_net': CMAKE_PREFIX_PATH=/home/atas/ros2_ws/install/vox_nav_waypoint_nav_clients:/home/atas/ros2_ws/install/thorvald_vox_nav:/home/atas/ros2_ws/install/robotnik_vox_nav:/home/atas/ros2_ws/install/vox_nav_bringup:/home/atas/ros2_ws/install/vox_nav_planning:/home/atas/ros2_ws/install/vox_nav_navigators:/home/atas/ros2_ws/install/vox_nav_misc:/home/atas/ros2_ws/install/vox_nav_map_server:/home/atas/ros2_ws/install/vox_nav_control:/home/atas/ros2_ws/install/thorvald_gui:/home/atas/ros2_ws/install/vox_nav_utilities:/home/atas/ros2_ws/install/robot_centric_slam:/home/atas/ros2_ws/install/vox_nav_slam_msgs:/home/atas/ros2_ws/install/lidar_apollo_instance_segmentation:/home/atas/ros2_ws/install/vox_nav_msgs:/home/atas/ros2_ws/install/vdb_mapping_ros2:/home/atas/ros2_ws/install/vdb_mapping_interfaces:/home/atas/ros2_ws/install/vdb_mapping:/home/atas/ros2_ws/install/thorvald_simulator:/home/atas/ros2_ws/install/thorvald_gazebo_plugins:/home/atas/ros2_ws/install/thorvald_example_robots:/home/atas/ros2_ws/install/thorvald:/home/atas/ros2_ws/install/thorvald_bringup:/home/atas/ros2_ws/install/thorvald_base:/home/atas/ros2_ws/install/thorvald_utilities:/home/atas/ros2_ws/install/thorvald_teleop:/home/atas/ros2_ws/install/thorvald_navigation2:/home/atas/ros2_ws/install/thorvald_msgs:/home/atas/ros2_ws/install/thorvald_description:/home/atas/ros2_ws/install/thorvald_can_devices:/home/atas/ros2_ws/install/tensorrt_common:/home/atas/ros2_ws/install/nmea_navsat_driver:/home/atas/ros2_ws/install/imrt_virtual_joy:/home/atas/ros2_ws/install/imrt_teleop:/opt/ros/humble:/home/atas/ros2_ws/install/serial:/home/atas/ros2_ws/install/sensor_drivers_bringup:/home/atas/ros2_ws/install/imu_tools:/home/atas/ros2_ws/install/rviz_imu_plugin:/home/atas/ros2_ws/install/robot_localization:/home/atas/ros2_ws/install/realsense_ros2_camera:/home/atas/ros2_ws/install/realsense_camera_msgs:/home/atas/ros2_ws/install/ouster_ros:/home/atas/ros2_ws/install/ouster_msgs:/home/atas/ros2_ws/install/ompl:/home/atas/ros2_ws/install/lio_sam:/home/atas/ros2_ws/install/kiss_icp:/home/atas/ros2_ws/install/imu_filter_madgwick:/home/atas/ros2_ws/install/imu_complementary_filter:/home/atas/ros2_ws/install/fast_gicp:/home/atas/ros2_ws/install/cuda_utils:/home/atas/ros2_ws/install/casadi:/home/atas/ros2_ws/install/bluespace_ai_xsens_mti_driver:/home/atas/ros2_ws/install/ACADO /usr/local/bin/cmake /home/atas/RESEARCH/traversablity_estimation_net -DCMAKE_INSTALL_PREFIX=/home/atas/RESEARCH/traversablity_estimation_net/install/traversablity_estimation_net
[0.317s] -- The C compiler identification is GNU 11.4.0
[0.433s] -- The CXX compiler identification is GNU 11.4.0
[0.456s] -- Detecting C compiler ABI info
[0.552s] -- Detecting C compiler ABI info - done
[0.570s] -- Check for working C compiler: /usr/bin/cc - skipped
[0.571s] -- Detecting C compile features
[0.571s] -- Detecting C compile features - done
[0.578s] -- Detecting CXX compiler ABI info
[0.695s] -- Detecting CXX compiler ABI info - done
[0.712s] -- Check for working CXX compiler: /usr/bin/c++ - skipped
[0.713s] -- Detecting CXX compile features
[0.713s] -- Detecting CXX compile features - done
[0.723s] -- Found ament_cmake: 1.3.5 (/opt/ros/humble/share/ament_cmake/cmake)
[1.126s] -- Found Python3: /usr/bin/python3.10 (found version "3.10.12") found components: Interpreter 
[1.350s] -- Found rclcpp: 16.0.6 (/opt/ros/humble/share/rclcpp/cmake)
[1.503s] -- Found rosidl_generator_c: 3.1.5 (/opt/ros/humble/share/rosidl_generator_c/cmake)
[1.518s] -- Found rosidl_adapter: 3.1.5 (/opt/ros/humble/share/rosidl_adapter/cmake)
[1.545s] -- Found rosidl_generator_cpp: 3.1.5 (/opt/ros/humble/share/rosidl_generator_cpp/cmake)
[1.601s] -- Using all available rosidl_typesupport_c: rosidl_typesupport_fastrtps_c;rosidl_typesupport_introspection_c
[1.657s] -- Using all available rosidl_typesupport_cpp: rosidl_typesupport_fastrtps_cpp;rosidl_typesupport_introspection_cpp
[1.884s] -- Found rmw_implementation_cmake: 6.1.1 (/opt/ros/humble/share/rmw_implementation_cmake/cmake)
[1.900s] -- Found rmw_cyclonedds_cpp: 1.3.4 (/opt/ros/humble/share/rmw_cyclonedds_cpp/cmake)
[2.001s] -- Using RMW implementation 'rmw_cyclonedds_cpp' as default
[2.036s] -- Performing Test CMAKE_HAVE_LIBC_PTHREAD
[2.133s] -- Performing Test CMAKE_HAVE_LIBC_PTHREAD - Success
[2.134s] -- Found Threads: TRUE  
[2.454s] -- Found geometry_msgs: 4.2.3 (/opt/ros/humble/share/geometry_msgs/cmake)
[2.536s] -- Found sensor_msgs: 4.2.3 (/opt/ros/humble/share/sensor_msgs/cmake)
[2.695s] -- Found vision_msgs: 4.1.0 (/opt/ros/humble/share/vision_msgs/cmake)
[2.838s] -- Found tf2: 0.25.4 (/opt/ros/humble/share/tf2/cmake)
[2.881s] -- Found tf2_ros: 0.25.4 (/opt/ros/humble/share/tf2_ros/cmake)
[3.516s] -- Found tf2_geometry_msgs: 0.25.4 (/opt/ros/humble/share/tf2_geometry_msgs/cmake)
[3.568s] -- Found eigen3_cmake_module: 0.1.1 (/opt/ros/humble/share/eigen3_cmake_module/cmake)
[3.570s] -- Found Eigen3: TRUE (found version "3.4.0") 
[3.571s] -- Ensuring Eigen3 include directory is part of orocos-kdl CMake target
[3.593s] -- Found pcl_ros: 2.4.0 (/opt/ros/humble/share/pcl_ros/cmake)
[4.077s] -- Checking for module 'eigen3'
[4.102s] --   Found eigen3, version 3.4.0
[4.155s] -- Found Eigen: /usr/include/eigen3 (Required is at least version "3.1") 
[4.156s] -- Eigen found (include: /usr/include/eigen3, version: 3.4.0)
[4.261s] -- Checking for module 'flann'
[4.287s] --   Found flann, version 1.9.1
[4.372s] -- Found FLANN: /usr/lib/x86_64-linux-gnu/libflann_cpp.so  
[4.372s] -- FLANN found (include: /usr/include, lib: /usr/lib/x86_64-linux-gnu/libflann_cpp.so)
[6.001s] -- Checking for module 'libusb-1.0'
[6.026s] --   Found libusb-1.0, version 1.0.25
[6.096s] -- Found libusb: /usr/lib/x86_64-linux-gnu/libusb-1.0.so  
[6.097s] -- OpenNI found (version: 1.5.4.0, include: /usr/include/ni, lib: /usr/lib/libOpenNI.so;libusb::libusb)
[6.202s] -- OpenNI2 found (version: 2.2.0.33, include: /usr/include/openni2, lib: /usr/lib/x86_64-linux-gnu/libOpenNI2.so;libusb::libusb)
[6.569s] -- Eigen found (include: /usr/include/eigen3, version: 3.4.0)
[6.582s] -- OpenNI found (version: 1.5.4.0, include: /usr/include/ni, lib: /usr/lib/libOpenNI.so;libusb::libusb)
[6.592s] -- OpenNI2 found (version: 2.2.0.33, include: /usr/include/openni2, lib: /usr/lib/x86_64-linux-gnu/libOpenNI2.so;libusb::libusb)
[6.947s] -- Found Qhull version 8.0.2
[7.307s] -- OpenNI found (version: 1.5.4.0, include: /usr/include/ni, lib: /usr/lib/libOpenNI.so;libusb::libusb)
[7.684s] -- Found PCL_COMMON: /usr/lib/x86_64-linux-gnu/libpcl_common.so  
[7.686s] -- Found PCL_KDTREE: /usr/lib/x86_64-linux-gnu/libpcl_kdtree.so  
[7.689s] -- Found PCL_OCTREE: /usr/lib/x86_64-linux-gnu/libpcl_octree.so  
[7.690s] -- Found PCL_SEARCH: /usr/lib/x86_64-linux-gnu/libpcl_search.so  
[7.691s] -- Found PCL_SAMPLE_CONSENSUS: /usr/lib/x86_64-linux-gnu/libpcl_sample_consensus.so  
[7.693s] -- Found PCL_FILTERS: /usr/lib/x86_64-linux-gnu/libpcl_filters.so  
[7.694s] -- Found PCL_2D: /usr/include/pcl-1.12  
[7.694s] -- Found PCL_GEOMETRY: /usr/include/pcl-1.12  
[7.696s] -- Found PCL_IO: /usr/lib/x86_64-linux-gnu/libpcl_io.so  
[7.699s] -- Found PCL_FEATURES: /usr/lib/x86_64-linux-gnu/libpcl_features.so  
[7.701s] -- Found PCL_ML: /usr/lib/x86_64-linux-gnu/libpcl_ml.so  
[7.703s] -- Found PCL_SEGMENTATION: /usr/lib/x86_64-linux-gnu/libpcl_segmentation.so  
[7.705s] -- Found PCL_VISUALIZATION: /usr/lib/x86_64-linux-gnu/libpcl_visualization.so  
[7.706s] -- Found PCL_SURFACE: /usr/lib/x86_64-linux-gnu/libpcl_surface.so  
[7.708s] -- Found PCL_REGISTRATION: /usr/lib/x86_64-linux-gnu/libpcl_registration.so  
[7.709s] -- Found PCL_KEYPOINTS: /usr/lib/x86_64-linux-gnu/libpcl_keypoints.so  
[7.711s] -- Found PCL_TRACKING: /usr/lib/x86_64-linux-gnu/libpcl_tracking.so  
[7.713s] -- Found PCL_RECOGNITION: /usr/lib/x86_64-linux-gnu/libpcl_recognition.so  
[7.715s] -- Found PCL_STEREO: /usr/lib/x86_64-linux-gnu/libpcl_stereo.so  
[7.716s] -- Found PCL_APPS: /usr/lib/x86_64-linux-gnu/libpcl_apps.so  
[7.717s] -- Found PCL_IN_HAND_SCANNER: /usr/include/pcl-1.12  
[7.718s] -- Found PCL_MODELER: /usr/include/pcl-1.12  
[7.718s] -- Found PCL_POINT_CLOUD_EDITOR: /usr/include/pcl-1.12  
[7.721s] -- Found PCL_OUTOFCORE: /usr/lib/x86_64-linux-gnu/libpcl_outofcore.so  
[7.722s] -- Found PCL_PEOPLE: /usr/lib/x86_64-linux-gnu/libpcl_people.so  
[7.784s] -- Found visualization_msgs: 4.2.3 (/opt/ros/humble/share/visualization_msgs/cmake)
[7.997s] [31mCMake Error at /opt/ros/humble/share/ament_cmake_target_dependencies/cmake/ament_target_dependencies.cmake:77 (message):
[7.998s]   ament_target_dependencies() the passed package name 'nav_msgs' was not
[7.998s]   found before
[7.998s] Call Stack (most recent call first):
[7.998s]   CMakeLists.txt:42 (ament_target_dependencies)
[7.998s] 
[7.998s] [0m
[7.998s] -- Configuring incomplete, errors occurred!
[8.028s] Invoked command in '/home/atas/RESEARCH/traversablity_estimation_net/build/traversablity_estimation_net' returned '1': CMAKE_PREFIX_PATH=/home/atas/ros2_ws/install/vox_nav_waypoint_nav_clients:/home/atas/ros2_ws/install/thorvald_vox_nav:/home/atas/ros2_ws/install/robotnik_vox_nav:/home/atas/ros2_ws/install/vox_nav_bringup:/home/atas/ros2_ws/install/vox_nav_planning:/home/atas/ros2_ws/install/vox_nav_navigators:/home/atas/ros2_ws/install/vox_nav_misc:/home/atas/ros2_ws/install/vox_nav_map_server:/home/atas/ros2_ws/install/vox_nav_control:/home/atas/ros2_ws/install/thorvald_gui:/home/atas/ros2_ws/install/vox_nav_utilities:/home/atas/ros2_ws/install/robot_centric_slam:/home/atas/ros2_ws/install/vox_nav_slam_msgs:/home/atas/ros2_ws/install/lidar_apollo_instance_segmentation:/home/atas/ros2_ws/install/vox_nav_msgs:/home/atas/ros2_ws/install/vdb_mapping_ros2:/home/atas/ros2_ws/install/vdb_mapping_interfaces:/home/atas/ros2_ws/install/vdb_mapping:/home/atas/ros2_ws/install/thorvald_simulator:/home/atas/ros2_ws/install/thorvald_gazebo_plugins:/home/atas/ros2_ws/install/thorvald_example_robots:/home/atas/ros2_ws/install/thorvald:/home/atas/ros2_ws/install/thorvald_bringup:/home/atas/ros2_ws/install/thorvald_base:/home/atas/ros2_ws/install/thorvald_utilities:/home/atas/ros2_ws/install/thorvald_teleop:/home/atas/ros2_ws/install/thorvald_navigation2:/home/atas/ros2_ws/install/thorvald_msgs:/home/atas/ros2_ws/install/thorvald_description:/home/atas/ros2_ws/install/thorvald_can_devices:/home/atas/ros2_ws/install/tensorrt_common:/home/atas/ros2_ws/install/nmea_navsat_driver:/home/atas/ros2_ws/install/imrt_virtual_joy:/home/atas/ros2_ws/install/imrt_teleop:/opt/ros/humble:/home/atas/ros2_ws/install/serial:/home/atas/ros2_ws/install/sensor_drivers_bringup:/home/atas/ros2_ws/install/imu_tools:/home/atas/ros2_ws/install/rviz_imu_plugin:/home/atas/ros2_ws/install/robot_localization:/home/atas/ros2_ws/install/realsense_ros2_camera:/home/atas/ros2_ws/install/realsense_camera_msgs:/home/atas/ros2_ws/install/ouster_ros:/home/atas/ros2_ws/install/ouster_msgs:/home/atas/ros2_ws/install/ompl:/home/atas/ros2_ws/install/lio_sam:/home/atas/ros2_ws/install/kiss_icp:/home/atas/ros2_ws/install/imu_filter_madgwick:/home/atas/ros2_ws/install/imu_complementary_filter:/home/atas/ros2_ws/install/fast_gicp:/home/atas/ros2_ws/install/cuda_utils:/home/atas/ros2_ws/install/casadi:/home/atas/ros2_ws/install/bluespace_ai_xsens_mti_driver:/home/atas/ros2_ws/install/ACADO /usr/local/bin/cmake /home/atas/RESEARCH/traversablity_estimation_net -DCMAKE_INSTALL_PREFIX=/home/atas/RESEARCH/traversablity_estimation_net/install/traversablity_estimation_net
